{"numFailedTestSuites":1,"numFailedTests":12,"numPassedTestSuites":1,"numPassedTests":5,"numPendingTestSuites":0,"numPendingTests":0,"numRuntimeErrorTestSuites":0,"numTodoTests":0,"numTotalTestSuites":2,"numTotalTests":17,"openHandles":[],"snapshot":{"added":0,"didUpdate":false,"failure":false,"filesAdded":0,"filesRemoved":0,"filesRemovedList":[],"filesUnmatched":0,"filesUpdated":0,"matched":0,"total":0,"unchecked":0,"uncheckedKeysByFile":[],"unmatched":0,"updated":0},"startTime":1776725181043,"success":false,"testResults":[{"assertionResults":[{"ancestorTitles":["LeadsRepresentante – exibição de datas no card"],"duration":145,"failing":false,"failureDetails":[],"failureMessages":[],"fullName":"LeadsRepresentante – exibição de datas no card lead pendente exibe \"Expira:\" com data_expiracao","invocations":1,"location":null,"numPassingAsserts":4,"retryReasons":[],"startAt":1776725184160,"status":"passed","title":"lead pendente exibe \"Expira:\" com data_expiracao"},{"ancestorTitles":["LeadsRepresentante – exibição de datas no card"],"duration":46,"failing":false,"failureDetails":[],"failureMessages":[],"fullName":"LeadsRepresentante – exibição de datas no card lead convertido exibe \"Cadastrado em:\" com data_conversao em verde","invocations":1,"location":null,"numPassingAsserts":4,"retryReasons":[],"startAt":1776725184306,"status":"passed","title":"lead convertido exibe \"Cadastrado em:\" com data_conversao em verde"},{"ancestorTitles":["LeadsRepresentante – exibição de datas no card"],"duration":43,"failing":false,"failureDetails":[],"failureMessages":[],"fullName":"LeadsRepresentante – exibição de datas no card lead convertido com data_conversao null exibe \"—\"","invocations":1,"location":null,"numPassingAsserts":2,"retryReasons":[],"startAt":1776725184352,"status":"passed","title":"lead convertido com data_conversao null exibe \"—\""},{"ancestorTitles":["LeadsRepresentante – exibição de datas no card"],"duration":33,"failing":false,"failureDetails":[],"failureMessages":[],"fullName":"LeadsRepresentante – exibição de datas no card lead convertido não exibe alerta de expiração próxima","invocations":1,"location":null,"numPassingAsserts":2,"retryReasons":[],"startAt":1776725184395,"status":"passed","title":"lead convertido não exibe alerta de expiração próxima"},{"ancestorTitles":["LeadsRepresentante – exibição de datas no card"],"duration":24,"failing":false,"failureDetails":[],"failureMessages":[],"fullName":"LeadsRepresentante – exibição de datas no card lista com ambos os leads exibe datas corretas em cada card","invocations":1,"location":null,"numPassingAsserts":4,"retryReasons":[],"startAt":1776725184428,"status":"passed","title":"lista com ambos os leads exibe datas corretas em cada card"}],"endTime":1776725184454,"message":"","name":"C:\\apps\\QWork\\__tests__\\pages\\leads-page.data-conversao.test.tsx","startTime":1776725182405,"status":"passed","summary":""},{"assertionResults":[{"ancestorTitles":["Leads — máscara e validação do formulário (sem formatarCNPJ/formatarTelefone)"],"duration":1185,"failing":false,"failureDetails":[{"name":"TestingLibraryElementError"}],"failureMessages":["Error: Unable to find an element with the placeholder text of: 00.000.000/0001-00\n\nIgnored nodes: comments, script, style\n\u001b[36m<body>\u001b[39m\n  \u001b[36m<div>\u001b[39m\n    \u001b[36m<div\u001b[39m\n      \u001b[33mclass\u001b[39m=\u001b[32m\"space-y-6\"\u001b[39m\n    \u001b[36m>\u001b[39m\n      \u001b[36m<div\u001b[39m\n        \u001b[33mclass\u001b[39m=\u001b[32m\"flex items-center justify-between\"\u001b[39m\n      \u001b[36m>\u001b[39m\n        \u001b[36m<h1\u001b[39m\n          \u001b[33mclass\u001b[39m=\u001b[32m\"text-xl font-bold text-gray-900\"\u001b[39m\n        \u001b[36m>\u001b[39m\n          \u001b[0mMeus Leads\u001b[0m\n        \u001b[36m</h1>\u001b[39m\n        \u001b[36m<button\u001b[39m\n          \u001b[33mclass\u001b[39m=\u001b[32m\"bg-blue-600 text-white px-4 py-2 rounded-lg text-sm font-medium hover:bg-blue-700 transition-colors disabled:opacity-50 disabled:cursor-not-allowed\"\u001b[39m\n        \u001b[36m>\u001b[39m\n          \u001b[0m+ Novo Lead\u001b[0m\n        \u001b[36m</button>\u001b[39m\n      \u001b[36m</div>\u001b[39m\n      \u001b[36m<div\u001b[39m\n        \u001b[33mclass\u001b[39m=\u001b[32m\"grid grid-cols-2 md:grid-cols-5 gap-3\"\u001b[39m\n      \u001b[36m>\u001b[39m\n        \u001b[36m<div\u001b[39m\n          \u001b[33mclass\u001b[39m=\u001b[32m\"bg-white rounded-xl border p-3\"\u001b[39m\n        \u001b[36m>\u001b[39m\n          \u001b[36m<p\u001b[39m\n            \u001b[33mclass\u001b[39m=\u001b[32m\"text-[10px] text-gray-400 uppercase tracking-wide\"\u001b[39m\n          \u001b[36m>\u001b[39m\n            \u001b[0mTotal\u001b[0m\n          \u001b[36m</p>\u001b[39m\n          \u001b[36m<p\u001b[39m\n            \u001b[33mclass\u001b[39m=\u001b[32m\"text-xl font-bold text-gray-900\"\u001b[39m\n          \u001b[36m>\u001b[39m\n            \u001b[0m0\u001b[0m\n          \u001b[36m</p>\u001b[39m\n        \u001b[36m</div>\u001b[39m\n        \u001b[36m<div\u001b[39m\n          \u001b[33mclass\u001b[39m=\u001b[32m\"bg-white rounded-xl border p-3\"\u001b[39m\n        \u001b[36m>\u001b[39m\n          \u001b[36m<p\u001b[39m\n            \u001b[33mclass\u001b[39m=\u001b[32m\"text-[10px] text-yellow-600 uppercase tracking-wide\"\u001b[39m\n          \u001b[36m>\u001b[39m\n            \u001b[0mPendentes\u001b[0m\n          \u001b[36m</p>\u001b[39m\n          \u001b[36m<p\u001b[39m\n            \u001b[33mclass\u001b[39m=\u001b[32m\"text-xl font-bold text-yellow-700\"\u001b[39m\n          \u001b[36m>\u001b[39m\n            \u001b[0m0\u001b[0m\n          \u001b[36m</p>\u001b[39m\n        \u001b[36m</div>\u001b[39m\n        \u001b[36m<div\u001b[39m\n          \u001b[33mclass\u001b[39m=\u001b[32m\"bg-white rounded-xl border p-3\"\u001b[39m\n        \u001b[36m>\u001b[39m\n          \u001b[36m<p\u001b[39m\n            \u001b[33mclass\u001b[39m=\u001b[32m\"text-[10px] text-green-600 uppercase tracking-wide\"\u001b[39m\n          \u001b[36m>\u001b[39m\n            \u001b[0mConvertidos\u001b[0m\n          \u001b[36m</p>\u001b[39m\n          \u001b[36m<p\u001b[39m\n            \u001b[33mclass\u001b[39m=\u001b[32m\"text-xl font-bold text-green-700\"\u001b[39m\n          \u001b[36m>\u001b[39m\n            \u001b[0m0\u001b[0m\n          \u001b[36m</p>\u001b[39m\n        \u001b[36m</div>\u001b[39m\n        \u001b[36m<div\u001b[39m\n          \u001b[33mclass\u001b[39m=\u001b[32m\"bg-white rounded-xl border p-3\"\u001b[39m\n        \u001b[36m>\u001b[39m\n          \u001b[36m<p\u001b[39m\n            \u001b[33mclass\u001b[39m=\u001b[32m\"text-[10px] text-gray-400 uppercase tracking-wide\"\u001b[39m\n          \u001b[36m>\u001b[39m\n            \u001b[0mExpirados\u001b[0m\n          \u001b[36m</p>\u001b[39m\n          \u001b[36m<p\u001b[39m\n            \u001b[33mclass\u001b[39m=\u001b[32m\"text-xl font-bold text-gray-500\"\u001b[39m\n          \u001b[36m>\u001b[39m\n            \u001b[0m0\u001b[0m\n          \u001b[36m</p>\u001b[39m\n        \u001b[36m</div>\u001b[39m\n        \u001b[36m<div\u001b[39m\n          \u001b[33mclass\u001b[39m=\u001b[32m\"bg-white rounded-xl border p-3\"\u001b[39m\n        \u001b[36m>\u001b[39m\n          \u001b[36m<p\u001b[39m\n            \u001b[33mclass\u001b[39m=\u001b[32m\"text-[10px] text-blue-600 uppercase tracking-wide\"\u001b[39m\n          \u001b[36m>\u001b[39m\n            \u001b[0mConversão\u001b[0m\n          \u001b[36m</p>\u001b[39m\n          \u001b[36m<p\u001b[39m\n            \u001b[33mclass\u001b[39m=\u001b[32m\"text-xl font-bold text-blue-700\"\u001b[39m\n          \u001b[36m>\u001b[39m\n            \u001b[0m0.0%\u001b[0m\n          \u001b[36m</p>\u001b[39m\n        \u001b[36m</div>\u001b[39m\n      \u001b[36m</div>\u001b[39m\n      \u001b[36m<div\u001b[39m\n        \u001b[33mclass\u001b[39m=\u001b[32m\"flex items-center gap-3 flex-wrap\"\u001b[39m\n      \u001b[36m>\u001b[39m\n        \u001b[36m<button\u001b[39m\n          \u001b[33mclass\u001b[39m=\u001b[32m\"px-3 py-1.5 rounded-full text-sm font-medium transition-colors bg-blue-600 text-white\"\u001b[39m\n        \u001b[36m>\u001b[39m\n          \u001b[0mTodos\u001b[0m\n        \u001b[36m</button>\u001b[39m\n        \u001b[36m<button\u001b[39m\n          \u001b[33mclass\u001b[39m=\u001b[32m\"px-3 py-1.5 rounded-full text-sm font-medium transition-colors bg-white border text-gray-600 hover:bg-gray-50\"\u001b[39m\n        \u001b[36m>\u001b[39m\n          \u001b[0mPendente\u001b[0m\n        \u001b[36m</button>\u001b[39m\n        \u001b[36m<button\u001b[39m\n          \u001b[33mclass\u001b[39m=\u001b[32m\"px-3 py-1.5 rounded-full text-sm font-medium transition-colors bg-white border text-gray-600 hover:bg-gray-50\"\u001b[39m\n        \u001b[36m>\u001b[39m\n          \u001b[0mExpirado\u001b[0m\n        \u001b[36m</button>\u001b[39m\n        \u001b[36m<select\u001b[39m\n          \u001b[33mclass\u001b[39m=\u001b[32m\"ml-auto border rounded-lg px-2 py-1.5 text-sm text-gray-600 focus:outline-none focus:ring-2 focus:ring-blue-500\"\u001b[39m\n        \u001b[36m>\u001b[39m\n          \u001b[36m<option\u001b[39m\n            \u001b[33mvalue\u001b[39m=\u001b[32m\"recente\"\u001b[39m\n          \u001b[36m>\u001b[39m\n            \u001b[0mMais recente\u001b[0m\n          \u001b[36m</option>\u001b[39m\n          \u001b[36m<option\u001b[39m\n            \u001b[33mvalue\u001b[39m=\u001b[32m\"antigo\"\u001b[39m\n          \u001b[36m>\u001b[39m\n            \u001b[0mMais antigo\u001b[0m\n          \u001b[36m</option>\u001b[39m\n          \u001b[36m<option\u001b[39m\n            \u001b[33mvalue\u001b[39m=\u001b[32m\"expirando\"\u001b[39m\n          \u001b[36m>\u001b[39m\n            \u001b[0mPróximo a expirar\u001b[0m\n          \u001b[36m</option>\u001b[39m\n        \u001b[36m</select>\u001b[39m\n        \u001b[36m<span\u001b[39m\n          \u001b[33mclass\u001b[39m=\u001b[32m\"text-sm text-gray-500\"\u001b[39m\n        \u001b[36m>\u001b[39m\n          \u001b[0m0\u001b[0m\n          \u001b[0m \u001b[0m\n          \u001b[0mleads\u001b[0m\n        \u001b[36m</span>\u001b[39m\n      \u001b[36m</div>\u001b[39m\n      \u001b[36m<div\u001b[39m\n        \u001b[33mclass\u001b[39m=\u001b[32m\"text-center py-16 text-gray-500\"\u001b[39m\n      \u001b[36m>\u001b[39m\n        \u001b[36m<div\u001b[39m\n          \u001b[33mclass\u001b[39m=\u001b[32m\"text-5xl mb-4\"\u001b[39m\n        \u001b[36m>\u001b[39m\n          \u001b[0m🎯\u001b[0m\n        \u001b[36m</div>\u001b[39m\n        \u001b[36m<p\u001b[39m\n          \u001b[33mclass\u001b[39m=\u001b[32m\"text-lg font-medium\"\u001b[39m\n        \u001b[36m>\u001b[39m\n          \u001b[0mNenhum lead encontrado\u001b[0m\n        \u001b[36m</p>\u001b[39m\n        \u001b[36m<p\u001b[39m\n          \u001b[33mclass\u001b[39m=\u001b[32m\"text-sm mt-1\"\u001b[39m\n        \u001b[36m>\u001b[39m\n          \u001b[0mClique em \u001b[0m\n          \u001b[36m<strong>\u001b[39m\n            \u001b[0m+ Novo Lead\u001b[0m\n          \u001b[36m</strong>\u001b[39m\n          \u001b[0m para registrar sua primeira indicação.\u001b[0m\n        \u001b[36m</p>\u001b[39m\n      \u001b[36m</div>\u001b[39m\n    \u001b[36m</div>\u001b[39m\n  \u001b[36m</div>\u001b[39m\n\u001b[36m</body>\u001b[39m\n    at waitForWrapper (C:\\apps\\QWork\\node_modules\\.pnpm\\@testing-library+dom@10.4.1\\node_modules\\@testing-library\\dom\\dist\\wait-for.js:163:27)\n    at C:\\apps\\QWork\\node_modules\\.pnpm\\@testing-library+dom@10.4.1\\node_modules\\@testing-library\\dom\\dist\\query-helpers.js:86:33\n    at findByPlaceholderText (C:\\apps\\QWork\\__tests__\\pages\\leads-page-validacao-form.test.tsx:84:16)\n    at runNextTicks (node:internal/process/task_queues:65:5)\n    at listOnTimeout (node:internal/timers:569:9)\n    at processTimers (node:internal/timers:543:7)\n    at Object.<anonymous> (C:\\apps\\QWork\\__tests__\\pages\\leads-page-validacao-form.test.tsx:97:5)"],"fullName":"Leads — máscara e validação do formulário (sem formatarCNPJ/formatarTelefone) aplica máscara de CNPJ progressivamente ao digitar","invocations":1,"location":null,"numPassingAsserts":0,"retryReasons":[],"startAt":1776725184323,"status":"failed","title":"aplica máscara de CNPJ progressivamente ao digitar"},{"ancestorTitles":["Leads — máscara e validação do formulário (sem formatarCNPJ/formatarTelefone)"],"duration":1024,"failing":false,"failureDetails":[{"name":"TestingLibraryElementError"}],"failureMessages":["Error: Unable to find an element with the placeholder text of: 00.000.000/0001-00\n\nIgnored nodes: comments, script, style\n\u001b[36m<body>\u001b[39m\n  \u001b[36m<div>\u001b[39m\n    \u001b[36m<div\u001b[39m\n      \u001b[33mclass\u001b[39m=\u001b[32m\"space-y-6\"\u001b[39m\n    \u001b[36m>\u001b[39m\n      \u001b[36m<div\u001b[39m\n        \u001b[33mclass\u001b[39m=\u001b[32m\"flex items-center justify-between\"\u001b[39m\n      \u001b[36m>\u001b[39m\n        \u001b[36m<h1\u001b[39m\n          \u001b[33mclass\u001b[39m=\u001b[32m\"text-xl font-bold text-gray-900\"\u001b[39m\n        \u001b[36m>\u001b[39m\n          \u001b[0mMeus Leads\u001b[0m\n        \u001b[36m</h1>\u001b[39m\n        \u001b[36m<button\u001b[39m\n          \u001b[33mclass\u001b[39m=\u001b[32m\"bg-blue-600 text-white px-4 py-2 rounded-lg text-sm font-medium hover:bg-blue-700 transition-colors disabled:opacity-50 disabled:cursor-not-allowed\"\u001b[39m\n        \u001b[36m>\u001b[39m\n          \u001b[0m+ Novo Lead\u001b[0m\n        \u001b[36m</button>\u001b[39m\n      \u001b[36m</div>\u001b[39m\n      \u001b[36m<div\u001b[39m\n        \u001b[33mclass\u001b[39m=\u001b[32m\"grid grid-cols-2 md:grid-cols-5 gap-3\"\u001b[39m\n      \u001b[36m>\u001b[39m\n        \u001b[36m<div\u001b[39m\n          \u001b[33mclass\u001b[39m=\u001b[32m\"bg-white rounded-xl border p-3\"\u001b[39m\n        \u001b[36m>\u001b[39m\n          \u001b[36m<p\u001b[39m\n            \u001b[33mclass\u001b[39m=\u001b[32m\"text-[10px] text-gray-400 uppercase tracking-wide\"\u001b[39m\n          \u001b[36m>\u001b[39m\n            \u001b[0mTotal\u001b[0m\n          \u001b[36m</p>\u001b[39m\n          \u001b[36m<p\u001b[39m\n            \u001b[33mclass\u001b[39m=\u001b[32m\"text-xl font-bold text-gray-900\"\u001b[39m\n          \u001b[36m>\u001b[39m\n            \u001b[0m0\u001b[0m\n          \u001b[36m</p>\u001b[39m\n        \u001b[36m</div>\u001b[39m\n        \u001b[36m<div\u001b[39m\n          \u001b[33mclass\u001b[39m=\u001b[32m\"bg-white rounded-xl border p-3\"\u001b[39m\n        \u001b[36m>\u001b[39m\n          \u001b[36m<p\u001b[39m\n            \u001b[33mclass\u001b[39m=\u001b[32m\"text-[10px] text-yellow-600 uppercase tracking-wide\"\u001b[39m\n          \u001b[36m>\u001b[39m\n            \u001b[0mPendentes\u001b[0m\n          \u001b[36m</p>\u001b[39m\n          \u001b[36m<p\u001b[39m\n            \u001b[33mclass\u001b[39m=\u001b[32m\"text-xl font-bold text-yellow-700\"\u001b[39m\n          \u001b[36m>\u001b[39m\n            \u001b[0m0\u001b[0m\n          \u001b[36m</p>\u001b[39m\n        \u001b[36m</div>\u001b[39m\n        \u001b[36m<div\u001b[39m\n          \u001b[33mclass\u001b[39m=\u001b[32m\"bg-white rounded-xl border p-3\"\u001b[39m\n        \u001b[36m>\u001b[39m\n          \u001b[36m<p\u001b[39m\n            \u001b[33mclass\u001b[39m=\u001b[32m\"text-[10px] text-green-600 uppercase tracking-wide\"\u001b[39m\n          \u001b[36m>\u001b[39m\n            \u001b[0mConvertidos\u001b[0m\n          \u001b[36m</p>\u001b[39m\n          \u001b[36m<p\u001b[39m\n            \u001b[33mclass\u001b[39m=\u001b[32m\"text-xl font-bold text-green-700\"\u001b[39m\n          \u001b[36m>\u001b[39m\n            \u001b[0m0\u001b[0m\n          \u001b[36m</p>\u001b[39m\n        \u001b[36m</div>\u001b[39m\n        \u001b[36m<div\u001b[39m\n          \u001b[33mclass\u001b[39m=\u001b[32m\"bg-white rounded-xl border p-3\"\u001b[39m\n        \u001b[36m>\u001b[39m\n          \u001b[36m<p\u001b[39m\n            \u001b[33mclass\u001b[39m=\u001b[32m\"text-[10px] text-gray-400 uppercase tracking-wide\"\u001b[39m\n          \u001b[36m>\u001b[39m\n            \u001b[0mExpirados\u001b[0m\n          \u001b[36m</p>\u001b[39m\n          \u001b[36m<p\u001b[39m\n            \u001b[33mclass\u001b[39m=\u001b[32m\"text-xl font-bold text-gray-500\"\u001b[39m\n          \u001b[36m>\u001b[39m\n            \u001b[0m0\u001b[0m\n          \u001b[36m</p>\u001b[39m\n        \u001b[36m</div>\u001b[39m\n        \u001b[36m<div\u001b[39m\n          \u001b[33mclass\u001b[39m=\u001b[32m\"bg-white rounded-xl border p-3\"\u001b[39m\n        \u001b[36m>\u001b[39m\n          \u001b[36m<p\u001b[39m\n            \u001b[33mclass\u001b[39m=\u001b[32m\"text-[10px] text-blue-600 uppercase tracking-wide\"\u001b[39m\n          \u001b[36m>\u001b[39m\n            \u001b[0mConversão\u001b[0m\n          \u001b[36m</p>\u001b[39m\n          \u001b[36m<p\u001b[39m\n            \u001b[33mclass\u001b[39m=\u001b[32m\"text-xl font-bold text-blue-700\"\u001b[39m\n          \u001b[36m>\u001b[39m\n            \u001b[0m0.0%\u001b[0m\n          \u001b[36m</p>\u001b[39m\n        \u001b[36m</div>\u001b[39m\n      \u001b[36m</div>\u001b[39m\n      \u001b[36m<div\u001b[39m\n        \u001b[33mclass\u001b[39m=\u001b[32m\"flex items-center gap-3 flex-wrap\"\u001b[39m\n      \u001b[36m>\u001b[39m\n        \u001b[36m<button\u001b[39m\n          \u001b[33mclass\u001b[39m=\u001b[32m\"px-3 py-1.5 rounded-full text-sm font-medium transition-colors bg-blue-600 text-white\"\u001b[39m\n        \u001b[36m>\u001b[39m\n          \u001b[0mTodos\u001b[0m\n        \u001b[36m</button>\u001b[39m\n        \u001b[36m<button\u001b[39m\n          \u001b[33mclass\u001b[39m=\u001b[32m\"px-3 py-1.5 rounded-full text-sm font-medium transition-colors bg-white border text-gray-600 hover:bg-gray-50\"\u001b[39m\n        \u001b[36m>\u001b[39m\n          \u001b[0mPendente\u001b[0m\n        \u001b[36m</button>\u001b[39m\n        \u001b[36m<button\u001b[39m\n          \u001b[33mclass\u001b[39m=\u001b[32m\"px-3 py-1.5 rounded-full text-sm font-medium transition-colors bg-white border text-gray-600 hover:bg-gray-50\"\u001b[39m\n        \u001b[36m>\u001b[39m\n          \u001b[0mExpirado\u001b[0m\n        \u001b[36m</button>\u001b[39m\n        \u001b[36m<select\u001b[39m\n          \u001b[33mclass\u001b[39m=\u001b[32m\"ml-auto border rounded-lg px-2 py-1.5 text-sm text-gray-600 focus:outline-none focus:ring-2 focus:ring-blue-500\"\u001b[39m\n        \u001b[36m>\u001b[39m\n          \u001b[36m<option\u001b[39m\n            \u001b[33mvalue\u001b[39m=\u001b[32m\"recente\"\u001b[39m\n          \u001b[36m>\u001b[39m\n            \u001b[0mMais recente\u001b[0m\n          \u001b[36m</option>\u001b[39m\n          \u001b[36m<option\u001b[39m\n            \u001b[33mvalue\u001b[39m=\u001b[32m\"antigo\"\u001b[39m\n          \u001b[36m>\u001b[39m\n            \u001b[0mMais antigo\u001b[0m\n          \u001b[36m</option>\u001b[39m\n          \u001b[36m<option\u001b[39m\n            \u001b[33mvalue\u001b[39m=\u001b[32m\"expirando\"\u001b[39m\n          \u001b[36m>\u001b[39m\n            \u001b[0mPróximo a expirar\u001b[0m\n          \u001b[36m</option>\u001b[39m\n        \u001b[36m</select>\u001b[39m\n        \u001b[36m<span\u001b[39m\n          \u001b[33mclass\u001b[39m=\u001b[32m\"text-sm text-gray-500\"\u001b[39m\n        \u001b[36m>\u001b[39m\n          \u001b[0m0\u001b[0m\n          \u001b[0m \u001b[0m\n          \u001b[0mleads\u001b[0m\n        \u001b[36m</span>\u001b[39m\n      \u001b[36m</div>\u001b[39m\n      \u001b[36m<div\u001b[39m\n        \u001b[33mclass\u001b[39m=\u001b[32m\"text-center py-16 text-gray-500\"\u001b[39m\n      \u001b[36m>\u001b[39m\n        \u001b[36m<div\u001b[39m\n          \u001b[33mclass\u001b[39m=\u001b[32m\"text-5xl mb-4\"\u001b[39m\n        \u001b[36m>\u001b[39m\n          \u001b[0m🎯\u001b[0m\n        \u001b[36m</div>\u001b[39m\n        \u001b[36m<p\u001b[39m\n          \u001b[33mclass\u001b[39m=\u001b[32m\"text-lg font-medium\"\u001b[39m\n        \u001b[36m>\u001b[39m\n          \u001b[0mNenhum lead encontrado\u001b[0m\n        \u001b[36m</p>\u001b[39m\n        \u001b[36m<p\u001b[39m\n          \u001b[33mclass\u001b[39m=\u001b[32m\"text-sm mt-1\"\u001b[39m\n        \u001b[36m>\u001b[39m\n          \u001b[0mClique em \u001b[0m\n          \u001b[36m<strong>\u001b[39m\n            \u001b[0m+ Novo Lead\u001b[0m\n          \u001b[36m</strong>\u001b[39m\n          \u001b[0m para registrar sua primeira indicação.\u001b[0m\n        \u001b[36m</p>\u001b[39m\n      \u001b[36m</div>\u001b[39m\n    \u001b[36m</div>\u001b[39m\n  \u001b[36m</div>\u001b[39m\n\u001b[36m</body>\u001b[39m\n    at waitForWrapper (C:\\apps\\QWork\\node_modules\\.pnpm\\@testing-library+dom@10.4.1\\node_modules\\@testing-library\\dom\\dist\\wait-for.js:163:27)\n    at C:\\apps\\QWork\\node_modules\\.pnpm\\@testing-library+dom@10.4.1\\node_modules\\@testing-library\\dom\\dist\\query-helpers.js:86:33\n    at findByPlaceholderText (C:\\apps\\QWork\\__tests__\\pages\\leads-page-validacao-form.test.tsx:84:16)\n    at runNextTicks (node:internal/process/task_queues:65:5)\n    at listOnTimeout (node:internal/timers:569:9)\n    at processTimers (node:internal/timers:543:7)\n    at Object.<anonymous> (C:\\apps\\QWork\\__tests__\\pages\\leads-page-validacao-form.test.tsx:109:5)"],"fullName":"Leads — máscara e validação do formulário (sem formatarCNPJ/formatarTelefone) exibe \"CNPJ válido ✓\" para CNPJ com dígitos corretos","invocations":1,"location":null,"numPassingAsserts":0,"retryReasons":[],"startAt":1776725185509,"status":"failed","title":"exibe \"CNPJ válido ✓\" para CNPJ com dígitos corretos"},{"ancestorTitles":["Leads — máscara e validação do formulário (sem formatarCNPJ/formatarTelefone)"],"duration":1048,"failing":false,"failureDetails":[{"name":"TestingLibraryElementError"}],"failureMessages":["Error: Unable to find an element with the placeholder text of: 00.000.000/0001-00\n\nIgnored nodes: comments, script, style\n\u001b[36m<body>\u001b[39m\n  \u001b[36m<div>\u001b[39m\n    \u001b[36m<div\u001b[39m\n      \u001b[33mclass\u001b[39m=\u001b[32m\"space-y-6\"\u001b[39m\n    \u001b[36m>\u001b[39m\n      \u001b[36m<div\u001b[39m\n        \u001b[33mclass\u001b[39m=\u001b[32m\"flex items-center justify-between\"\u001b[39m\n      \u001b[36m>\u001b[39m\n        \u001b[36m<h1\u001b[39m\n          \u001b[33mclass\u001b[39m=\u001b[32m\"text-xl font-bold text-gray-900\"\u001b[39m\n        \u001b[36m>\u001b[39m\n          \u001b[0mMeus Leads\u001b[0m\n        \u001b[36m</h1>\u001b[39m\n        \u001b[36m<button\u001b[39m\n          \u001b[33mclass\u001b[39m=\u001b[32m\"bg-blue-600 text-white px-4 py-2 rounded-lg text-sm font-medium hover:bg-blue-700 transition-colors disabled:opacity-50 disabled:cursor-not-allowed\"\u001b[39m\n        \u001b[36m>\u001b[39m\n          \u001b[0m+ Novo Lead\u001b[0m\n        \u001b[36m</button>\u001b[39m\n      \u001b[36m</div>\u001b[39m\n      \u001b[36m<div\u001b[39m\n        \u001b[33mclass\u001b[39m=\u001b[32m\"grid grid-cols-2 md:grid-cols-5 gap-3\"\u001b[39m\n      \u001b[36m>\u001b[39m\n        \u001b[36m<div\u001b[39m\n          \u001b[33mclass\u001b[39m=\u001b[32m\"bg-white rounded-xl border p-3\"\u001b[39m\n        \u001b[36m>\u001b[39m\n          \u001b[36m<p\u001b[39m\n            \u001b[33mclass\u001b[39m=\u001b[32m\"text-[10px] text-gray-400 uppercase tracking-wide\"\u001b[39m\n          \u001b[36m>\u001b[39m\n            \u001b[0mTotal\u001b[0m\n          \u001b[36m</p>\u001b[39m\n          \u001b[36m<p\u001b[39m\n            \u001b[33mclass\u001b[39m=\u001b[32m\"text-xl font-bold text-gray-900\"\u001b[39m\n          \u001b[36m>\u001b[39m\n            \u001b[0m0\u001b[0m\n          \u001b[36m</p>\u001b[39m\n        \u001b[36m</div>\u001b[39m\n        \u001b[36m<div\u001b[39m\n          \u001b[33mclass\u001b[39m=\u001b[32m\"bg-white rounded-xl border p-3\"\u001b[39m\n        \u001b[36m>\u001b[39m\n          \u001b[36m<p\u001b[39m\n            \u001b[33mclass\u001b[39m=\u001b[32m\"text-[10px] text-yellow-600 uppercase tracking-wide\"\u001b[39m\n          \u001b[36m>\u001b[39m\n            \u001b[0mPendentes\u001b[0m\n          \u001b[36m</p>\u001b[39m\n          \u001b[36m<p\u001b[39m\n            \u001b[33mclass\u001b[39m=\u001b[32m\"text-xl font-bold text-yellow-700\"\u001b[39m\n          \u001b[36m>\u001b[39m\n            \u001b[0m0\u001b[0m\n          \u001b[36m</p>\u001b[39m\n        \u001b[36m</div>\u001b[39m\n        \u001b[36m<div\u001b[39m\n          \u001b[33mclass\u001b[39m=\u001b[32m\"bg-white rounded-xl border p-3\"\u001b[39m\n        \u001b[36m>\u001b[39m\n          \u001b[36m<p\u001b[39m\n            \u001b[33mclass\u001b[39m=\u001b[32m\"text-[10px] text-green-600 uppercase tracking-wide\"\u001b[39m\n          \u001b[36m>\u001b[39m\n            \u001b[0mConvertidos\u001b[0m\n          \u001b[36m</p>\u001b[39m\n          \u001b[36m<p\u001b[39m\n            \u001b[33mclass\u001b[39m=\u001b[32m\"text-xl font-bold text-green-700\"\u001b[39m\n          \u001b[36m>\u001b[39m\n            \u001b[0m0\u001b[0m\n          \u001b[36m</p>\u001b[39m\n        \u001b[36m</div>\u001b[39m\n        \u001b[36m<div\u001b[39m\n          \u001b[33mclass\u001b[39m=\u001b[32m\"bg-white rounded-xl border p-3\"\u001b[39m\n        \u001b[36m>\u001b[39m\n          \u001b[36m<p\u001b[39m\n            \u001b[33mclass\u001b[39m=\u001b[32m\"text-[10px] text-gray-400 uppercase tracking-wide\"\u001b[39m\n          \u001b[36m>\u001b[39m\n            \u001b[0mExpirados\u001b[0m\n          \u001b[36m</p>\u001b[39m\n          \u001b[36m<p\u001b[39m\n            \u001b[33mclass\u001b[39m=\u001b[32m\"text-xl font-bold text-gray-500\"\u001b[39m\n          \u001b[36m>\u001b[39m\n            \u001b[0m0\u001b[0m\n          \u001b[36m</p>\u001b[39m\n        \u001b[36m</div>\u001b[39m\n        \u001b[36m<div\u001b[39m\n          \u001b[33mclass\u001b[39m=\u001b[32m\"bg-white rounded-xl border p-3\"\u001b[39m\n        \u001b[36m>\u001b[39m\n          \u001b[36m<p\u001b[39m\n            \u001b[33mclass\u001b[39m=\u001b[32m\"text-[10px] text-blue-600 uppercase tracking-wide\"\u001b[39m\n          \u001b[36m>\u001b[39m\n            \u001b[0mConversão\u001b[0m\n          \u001b[36m</p>\u001b[39m\n          \u001b[36m<p\u001b[39m\n            \u001b[33mclass\u001b[39m=\u001b[32m\"text-xl font-bold text-blue-700\"\u001b[39m\n          \u001b[36m>\u001b[39m\n            \u001b[0m0.0%\u001b[0m\n          \u001b[36m</p>\u001b[39m\n        \u001b[36m</div>\u001b[39m\n      \u001b[36m</div>\u001b[39m\n      \u001b[36m<div\u001b[39m\n        \u001b[33mclass\u001b[39m=\u001b[32m\"flex items-center gap-3 flex-wrap\"\u001b[39m\n      \u001b[36m>\u001b[39m\n        \u001b[36m<button\u001b[39m\n          \u001b[33mclass\u001b[39m=\u001b[32m\"px-3 py-1.5 rounded-full text-sm font-medium transition-colors bg-blue-600 text-white\"\u001b[39m\n        \u001b[36m>\u001b[39m\n          \u001b[0mTodos\u001b[0m\n        \u001b[36m</button>\u001b[39m\n        \u001b[36m<button\u001b[39m\n          \u001b[33mclass\u001b[39m=\u001b[32m\"px-3 py-1.5 rounded-full text-sm font-medium transition-colors bg-white border text-gray-600 hover:bg-gray-50\"\u001b[39m\n        \u001b[36m>\u001b[39m\n          \u001b[0mPendente\u001b[0m\n        \u001b[36m</button>\u001b[39m\n        \u001b[36m<button\u001b[39m\n          \u001b[33mclass\u001b[39m=\u001b[32m\"px-3 py-1.5 rounded-full text-sm font-medium transition-colors bg-white border text-gray-600 hover:bg-gray-50\"\u001b[39m\n        \u001b[36m>\u001b[39m\n          \u001b[0mExpirado\u001b[0m\n        \u001b[36m</button>\u001b[39m\n        \u001b[36m<select\u001b[39m\n          \u001b[33mclass\u001b[39m=\u001b[32m\"ml-auto border rounded-lg px-2 py-1.5 text-sm text-gray-600 focus:outline-none focus:ring-2 focus:ring-blue-500\"\u001b[39m\n        \u001b[36m>\u001b[39m\n          \u001b[36m<option\u001b[39m\n            \u001b[33mvalue\u001b[39m=\u001b[32m\"recente\"\u001b[39m\n          \u001b[36m>\u001b[39m\n            \u001b[0mMais recente\u001b[0m\n          \u001b[36m</option>\u001b[39m\n          \u001b[36m<option\u001b[39m\n            \u001b[33mvalue\u001b[39m=\u001b[32m\"antigo\"\u001b[39m\n          \u001b[36m>\u001b[39m\n            \u001b[0mMais antigo\u001b[0m\n          \u001b[36m</option>\u001b[39m\n          \u001b[36m<option\u001b[39m\n            \u001b[33mvalue\u001b[39m=\u001b[32m\"expirando\"\u001b[39m\n          \u001b[36m>\u001b[39m\n            \u001b[0mPróximo a expirar\u001b[0m\n          \u001b[36m</option>\u001b[39m\n        \u001b[36m</select>\u001b[39m\n        \u001b[36m<span\u001b[39m\n          \u001b[33mclass\u001b[39m=\u001b[32m\"text-sm text-gray-500\"\u001b[39m\n        \u001b[36m>\u001b[39m\n          \u001b[0m0\u001b[0m\n          \u001b[0m \u001b[0m\n          \u001b[0mleads\u001b[0m\n        \u001b[36m</span>\u001b[39m\n      \u001b[36m</div>\u001b[39m\n      \u001b[36m<div\u001b[39m\n        \u001b[33mclass\u001b[39m=\u001b[32m\"text-center py-16 text-gray-500\"\u001b[39m\n      \u001b[36m>\u001b[39m\n        \u001b[36m<div\u001b[39m\n          \u001b[33mclass\u001b[39m=\u001b[32m\"text-5xl mb-4\"\u001b[39m\n        \u001b[36m>\u001b[39m\n          \u001b[0m🎯\u001b[0m\n        \u001b[36m</div>\u001b[39m\n        \u001b[36m<p\u001b[39m\n          \u001b[33mclass\u001b[39m=\u001b[32m\"text-lg font-medium\"\u001b[39m\n        \u001b[36m>\u001b[39m\n          \u001b[0mNenhum lead encontrado\u001b[0m\n        \u001b[36m</p>\u001b[39m\n        \u001b[36m<p\u001b[39m\n          \u001b[33mclass\u001b[39m=\u001b[32m\"text-sm mt-1\"\u001b[39m\n        \u001b[36m>\u001b[39m\n          \u001b[0mClique em \u001b[0m\n          \u001b[36m<strong>\u001b[39m\n            \u001b[0m+ Novo Lead\u001b[0m\n          \u001b[36m</strong>\u001b[39m\n          \u001b[0m para registrar sua primeira indicação.\u001b[0m\n        \u001b[36m</p>\u001b[39m\n      \u001b[36m</div>\u001b[39m\n    \u001b[36m</div>\u001b[39m\n  \u001b[36m</div>\u001b[39m\n\u001b[36m</body>\u001b[39m\n    at waitForWrapper (C:\\apps\\QWork\\node_modules\\.pnpm\\@testing-library+dom@10.4.1\\node_modules\\@testing-library\\dom\\dist\\wait-for.js:163:27)\n    at C:\\apps\\QWork\\node_modules\\.pnpm\\@testing-library+dom@10.4.1\\node_modules\\@testing-library\\dom\\dist\\query-helpers.js:86:33\n    at findByPlaceholderText (C:\\apps\\QWork\\__tests__\\pages\\leads-page-validacao-form.test.tsx:84:16)\n    at runNextTicks (node:internal/process/task_queues:65:5)\n    at listOnTimeout (node:internal/timers:569:9)\n    at processTimers (node:internal/timers:543:7)\n    at Object.<anonymous> (C:\\apps\\QWork\\__tests__\\pages\\leads-page-validacao-form.test.tsx:121:5)"],"fullName":"Leads — máscara e validação do formulário (sem formatarCNPJ/formatarTelefone) exibe \"CNPJ incompleto\" para entrada parcial","invocations":1,"location":null,"numPassingAsserts":0,"retryReasons":[],"startAt":1776725186533,"status":"failed","title":"exibe \"CNPJ incompleto\" para entrada parcial"},{"ancestorTitles":["Leads — máscara e validação do formulário (sem formatarCNPJ/formatarTelefone)"],"duration":1016,"failing":false,"failureDetails":[{"name":"TestingLibraryElementError"}],"failureMessages":["Error: Unable to find an element with the placeholder text of: 00.000.000/0001-00\n\nIgnored nodes: comments, script, style\n\u001b[36m<body>\u001b[39m\n  \u001b[36m<div>\u001b[39m\n    \u001b[36m<div\u001b[39m\n      \u001b[33mclass\u001b[39m=\u001b[32m\"space-y-6\"\u001b[39m\n    \u001b[36m>\u001b[39m\n      \u001b[36m<div\u001b[39m\n        \u001b[33mclass\u001b[39m=\u001b[32m\"flex items-center justify-between\"\u001b[39m\n      \u001b[36m>\u001b[39m\n        \u001b[36m<h1\u001b[39m\n          \u001b[33mclass\u001b[39m=\u001b[32m\"text-xl font-bold text-gray-900\"\u001b[39m\n        \u001b[36m>\u001b[39m\n          \u001b[0mMeus Leads\u001b[0m\n        \u001b[36m</h1>\u001b[39m\n        \u001b[36m<button\u001b[39m\n          \u001b[33mclass\u001b[39m=\u001b[32m\"bg-blue-600 text-white px-4 py-2 rounded-lg text-sm font-medium hover:bg-blue-700 transition-colors disabled:opacity-50 disabled:cursor-not-allowed\"\u001b[39m\n        \u001b[36m>\u001b[39m\n          \u001b[0m+ Novo Lead\u001b[0m\n        \u001b[36m</button>\u001b[39m\n      \u001b[36m</div>\u001b[39m\n      \u001b[36m<div\u001b[39m\n        \u001b[33mclass\u001b[39m=\u001b[32m\"grid grid-cols-2 md:grid-cols-5 gap-3\"\u001b[39m\n      \u001b[36m>\u001b[39m\n        \u001b[36m<div\u001b[39m\n          \u001b[33mclass\u001b[39m=\u001b[32m\"bg-white rounded-xl border p-3\"\u001b[39m\n        \u001b[36m>\u001b[39m\n          \u001b[36m<p\u001b[39m\n            \u001b[33mclass\u001b[39m=\u001b[32m\"text-[10px] text-gray-400 uppercase tracking-wide\"\u001b[39m\n          \u001b[36m>\u001b[39m\n            \u001b[0mTotal\u001b[0m\n          \u001b[36m</p>\u001b[39m\n          \u001b[36m<p\u001b[39m\n            \u001b[33mclass\u001b[39m=\u001b[32m\"text-xl font-bold text-gray-900\"\u001b[39m\n          \u001b[36m>\u001b[39m\n            \u001b[0m0\u001b[0m\n          \u001b[36m</p>\u001b[39m\n        \u001b[36m</div>\u001b[39m\n        \u001b[36m<div\u001b[39m\n          \u001b[33mclass\u001b[39m=\u001b[32m\"bg-white rounded-xl border p-3\"\u001b[39m\n        \u001b[36m>\u001b[39m\n          \u001b[36m<p\u001b[39m\n            \u001b[33mclass\u001b[39m=\u001b[32m\"text-[10px] text-yellow-600 uppercase tracking-wide\"\u001b[39m\n          \u001b[36m>\u001b[39m\n            \u001b[0mPendentes\u001b[0m\n          \u001b[36m</p>\u001b[39m\n          \u001b[36m<p\u001b[39m\n            \u001b[33mclass\u001b[39m=\u001b[32m\"text-xl font-bold text-yellow-700\"\u001b[39m\n          \u001b[36m>\u001b[39m\n            \u001b[0m0\u001b[0m\n          \u001b[36m</p>\u001b[39m\n        \u001b[36m</div>\u001b[39m\n        \u001b[36m<div\u001b[39m\n          \u001b[33mclass\u001b[39m=\u001b[32m\"bg-white rounded-xl border p-3\"\u001b[39m\n        \u001b[36m>\u001b[39m\n          \u001b[36m<p\u001b[39m\n            \u001b[33mclass\u001b[39m=\u001b[32m\"text-[10px] text-green-600 uppercase tracking-wide\"\u001b[39m\n          \u001b[36m>\u001b[39m\n            \u001b[0mConvertidos\u001b[0m\n          \u001b[36m</p>\u001b[39m\n          \u001b[36m<p\u001b[39m\n            \u001b[33mclass\u001b[39m=\u001b[32m\"text-xl font-bold text-green-700\"\u001b[39m\n          \u001b[36m>\u001b[39m\n            \u001b[0m0\u001b[0m\n          \u001b[36m</p>\u001b[39m\n        \u001b[36m</div>\u001b[39m\n        \u001b[36m<div\u001b[39m\n          \u001b[33mclass\u001b[39m=\u001b[32m\"bg-white rounded-xl border p-3\"\u001b[39m\n        \u001b[36m>\u001b[39m\n          \u001b[36m<p\u001b[39m\n            \u001b[33mclass\u001b[39m=\u001b[32m\"text-[10px] text-gray-400 uppercase tracking-wide\"\u001b[39m\n          \u001b[36m>\u001b[39m\n            \u001b[0mExpirados\u001b[0m\n          \u001b[36m</p>\u001b[39m\n          \u001b[36m<p\u001b[39m\n            \u001b[33mclass\u001b[39m=\u001b[32m\"text-xl font-bold text-gray-500\"\u001b[39m\n          \u001b[36m>\u001b[39m\n            \u001b[0m0\u001b[0m\n          \u001b[36m</p>\u001b[39m\n        \u001b[36m</div>\u001b[39m\n        \u001b[36m<div\u001b[39m\n          \u001b[33mclass\u001b[39m=\u001b[32m\"bg-white rounded-xl border p-3\"\u001b[39m\n        \u001b[36m>\u001b[39m\n          \u001b[36m<p\u001b[39m\n            \u001b[33mclass\u001b[39m=\u001b[32m\"text-[10px] text-blue-600 uppercase tracking-wide\"\u001b[39m\n          \u001b[36m>\u001b[39m\n            \u001b[0mConversão\u001b[0m\n          \u001b[36m</p>\u001b[39m\n          \u001b[36m<p\u001b[39m\n            \u001b[33mclass\u001b[39m=\u001b[32m\"text-xl font-bold text-blue-700\"\u001b[39m\n          \u001b[36m>\u001b[39m\n            \u001b[0m0.0%\u001b[0m\n          \u001b[36m</p>\u001b[39m\n        \u001b[36m</div>\u001b[39m\n      \u001b[36m</div>\u001b[39m\n      \u001b[36m<div\u001b[39m\n        \u001b[33mclass\u001b[39m=\u001b[32m\"flex items-center gap-3 flex-wrap\"\u001b[39m\n      \u001b[36m>\u001b[39m\n        \u001b[36m<button\u001b[39m\n          \u001b[33mclass\u001b[39m=\u001b[32m\"px-3 py-1.5 rounded-full text-sm font-medium transition-colors bg-blue-600 text-white\"\u001b[39m\n        \u001b[36m>\u001b[39m\n          \u001b[0mTodos\u001b[0m\n        \u001b[36m</button>\u001b[39m\n        \u001b[36m<button\u001b[39m\n          \u001b[33mclass\u001b[39m=\u001b[32m\"px-3 py-1.5 rounded-full text-sm font-medium transition-colors bg-white border text-gray-600 hover:bg-gray-50\"\u001b[39m\n        \u001b[36m>\u001b[39m\n          \u001b[0mPendente\u001b[0m\n        \u001b[36m</button>\u001b[39m\n        \u001b[36m<button\u001b[39m\n          \u001b[33mclass\u001b[39m=\u001b[32m\"px-3 py-1.5 rounded-full text-sm font-medium transition-colors bg-white border text-gray-600 hover:bg-gray-50\"\u001b[39m\n        \u001b[36m>\u001b[39m\n          \u001b[0mExpirado\u001b[0m\n        \u001b[36m</button>\u001b[39m\n        \u001b[36m<select\u001b[39m\n          \u001b[33mclass\u001b[39m=\u001b[32m\"ml-auto border rounded-lg px-2 py-1.5 text-sm text-gray-600 focus:outline-none focus:ring-2 focus:ring-blue-500\"\u001b[39m\n        \u001b[36m>\u001b[39m\n          \u001b[36m<option\u001b[39m\n            \u001b[33mvalue\u001b[39m=\u001b[32m\"recente\"\u001b[39m\n          \u001b[36m>\u001b[39m\n            \u001b[0mMais recente\u001b[0m\n          \u001b[36m</option>\u001b[39m\n          \u001b[36m<option\u001b[39m\n            \u001b[33mvalue\u001b[39m=\u001b[32m\"antigo\"\u001b[39m\n          \u001b[36m>\u001b[39m\n            \u001b[0mMais antigo\u001b[0m\n          \u001b[36m</option>\u001b[39m\n          \u001b[36m<option\u001b[39m\n            \u001b[33mvalue\u001b[39m=\u001b[32m\"expirando\"\u001b[39m\n          \u001b[36m>\u001b[39m\n            \u001b[0mPróximo a expirar\u001b[0m\n          \u001b[36m</option>\u001b[39m\n        \u001b[36m</select>\u001b[39m\n        \u001b[36m<span\u001b[39m\n          \u001b[33mclass\u001b[39m=\u001b[32m\"text-sm text-gray-500\"\u001b[39m\n        \u001b[36m>\u001b[39m\n          \u001b[0m0\u001b[0m\n          \u001b[0m \u001b[0m\n          \u001b[0mleads\u001b[0m\n        \u001b[36m</span>\u001b[39m\n      \u001b[36m</div>\u001b[39m\n      \u001b[36m<div\u001b[39m\n        \u001b[33mclass\u001b[39m=\u001b[32m\"text-center py-16 text-gray-500\"\u001b[39m\n      \u001b[36m>\u001b[39m\n        \u001b[36m<div\u001b[39m\n          \u001b[33mclass\u001b[39m=\u001b[32m\"text-5xl mb-4\"\u001b[39m\n        \u001b[36m>\u001b[39m\n          \u001b[0m🎯\u001b[0m\n        \u001b[36m</div>\u001b[39m\n        \u001b[36m<p\u001b[39m\n          \u001b[33mclass\u001b[39m=\u001b[32m\"text-lg font-medium\"\u001b[39m\n        \u001b[36m>\u001b[39m\n          \u001b[0mNenhum lead encontrado\u001b[0m\n        \u001b[36m</p>\u001b[39m\n        \u001b[36m<p\u001b[39m\n          \u001b[33mclass\u001b[39m=\u001b[32m\"text-sm mt-1\"\u001b[39m\n        \u001b[36m>\u001b[39m\n          \u001b[0mClique em \u001b[0m\n          \u001b[36m<strong>\u001b[39m\n            \u001b[0m+ Novo Lead\u001b[0m\n          \u001b[36m</strong>\u001b[39m\n          \u001b[0m para registrar sua primeira indicação.\u001b[0m\n        \u001b[36m</p>\u001b[39m\n      \u001b[36m</div>\u001b[39m\n    \u001b[36m</div>\u001b[39m\n  \u001b[36m</div>\u001b[39m\n\u001b[36m</body>\u001b[39m\n    at waitForWrapper (C:\\apps\\QWork\\node_modules\\.pnpm\\@testing-library+dom@10.4.1\\node_modules\\@testing-library\\dom\\dist\\wait-for.js:163:27)\n    at C:\\apps\\QWork\\node_modules\\.pnpm\\@testing-library+dom@10.4.1\\node_modules\\@testing-library\\dom\\dist\\query-helpers.js:86:33\n    at findByPlaceholderText (C:\\apps\\QWork\\__tests__\\pages\\leads-page-validacao-form.test.tsx:84:16)\n    at Object.<anonymous> (C:\\apps\\QWork\\__tests__\\pages\\leads-page-validacao-form.test.tsx:133:5)"],"fullName":"Leads — máscara e validação do formulário (sem formatarCNPJ/formatarTelefone) exibe \"CNPJ inválido\" para 14 dígitos com dígito verificador errado","invocations":1,"location":null,"numPassingAsserts":0,"retryReasons":[],"startAt":1776725187582,"status":"failed","title":"exibe \"CNPJ inválido\" para 14 dígitos com dígito verificador errado"},{"ancestorTitles":["Leads — máscara e validação do formulário (sem formatarCNPJ/formatarTelefone)"],"duration":1020,"failing":false,"failureDetails":[{"name":"TestingLibraryElementError"}],"failureMessages":["Error: Unable to find an element with the placeholder text of: 00.000.000/0001-00\n\nIgnored nodes: comments, script, style\n\u001b[36m<body>\u001b[39m\n  \u001b[36m<div>\u001b[39m\n    \u001b[36m<div\u001b[39m\n      \u001b[33mclass\u001b[39m=\u001b[32m\"space-y-6\"\u001b[39m\n    \u001b[36m>\u001b[39m\n      \u001b[36m<div\u001b[39m\n        \u001b[33mclass\u001b[39m=\u001b[32m\"flex items-center justify-between\"\u001b[39m\n      \u001b[36m>\u001b[39m\n        \u001b[36m<h1\u001b[39m\n          \u001b[33mclass\u001b[39m=\u001b[32m\"text-xl font-bold text-gray-900\"\u001b[39m\n        \u001b[36m>\u001b[39m\n          \u001b[0mMeus Leads\u001b[0m\n        \u001b[36m</h1>\u001b[39m\n        \u001b[36m<button\u001b[39m\n          \u001b[33mclass\u001b[39m=\u001b[32m\"bg-blue-600 text-white px-4 py-2 rounded-lg text-sm font-medium hover:bg-blue-700 transition-colors disabled:opacity-50 disabled:cursor-not-allowed\"\u001b[39m\n        \u001b[36m>\u001b[39m\n          \u001b[0m+ Novo Lead\u001b[0m\n        \u001b[36m</button>\u001b[39m\n      \u001b[36m</div>\u001b[39m\n      \u001b[36m<div\u001b[39m\n        \u001b[33mclass\u001b[39m=\u001b[32m\"grid grid-cols-2 md:grid-cols-5 gap-3\"\u001b[39m\n      \u001b[36m>\u001b[39m\n        \u001b[36m<div\u001b[39m\n          \u001b[33mclass\u001b[39m=\u001b[32m\"bg-white rounded-xl border p-3\"\u001b[39m\n        \u001b[36m>\u001b[39m\n          \u001b[36m<p\u001b[39m\n            \u001b[33mclass\u001b[39m=\u001b[32m\"text-[10px] text-gray-400 uppercase tracking-wide\"\u001b[39m\n          \u001b[36m>\u001b[39m\n            \u001b[0mTotal\u001b[0m\n          \u001b[36m</p>\u001b[39m\n          \u001b[36m<p\u001b[39m\n            \u001b[33mclass\u001b[39m=\u001b[32m\"text-xl font-bold text-gray-900\"\u001b[39m\n          \u001b[36m>\u001b[39m\n            \u001b[0m0\u001b[0m\n          \u001b[36m</p>\u001b[39m\n        \u001b[36m</div>\u001b[39m\n        \u001b[36m<div\u001b[39m\n          \u001b[33mclass\u001b[39m=\u001b[32m\"bg-white rounded-xl border p-3\"\u001b[39m\n        \u001b[36m>\u001b[39m\n          \u001b[36m<p\u001b[39m\n            \u001b[33mclass\u001b[39m=\u001b[32m\"text-[10px] text-yellow-600 uppercase tracking-wide\"\u001b[39m\n          \u001b[36m>\u001b[39m\n            \u001b[0mPendentes\u001b[0m\n          \u001b[36m</p>\u001b[39m\n          \u001b[36m<p\u001b[39m\n            \u001b[33mclass\u001b[39m=\u001b[32m\"text-xl font-bold text-yellow-700\"\u001b[39m\n          \u001b[36m>\u001b[39m\n            \u001b[0m0\u001b[0m\n          \u001b[36m</p>\u001b[39m\n        \u001b[36m</div>\u001b[39m\n        \u001b[36m<div\u001b[39m\n          \u001b[33mclass\u001b[39m=\u001b[32m\"bg-white rounded-xl border p-3\"\u001b[39m\n        \u001b[36m>\u001b[39m\n          \u001b[36m<p\u001b[39m\n            \u001b[33mclass\u001b[39m=\u001b[32m\"text-[10px] text-green-600 uppercase tracking-wide\"\u001b[39m\n          \u001b[36m>\u001b[39m\n            \u001b[0mConvertidos\u001b[0m\n          \u001b[36m</p>\u001b[39m\n          \u001b[36m<p\u001b[39m\n            \u001b[33mclass\u001b[39m=\u001b[32m\"text-xl font-bold text-green-700\"\u001b[39m\n          \u001b[36m>\u001b[39m\n            \u001b[0m0\u001b[0m\n          \u001b[36m</p>\u001b[39m\n        \u001b[36m</div>\u001b[39m\n        \u001b[36m<div\u001b[39m\n          \u001b[33mclass\u001b[39m=\u001b[32m\"bg-white rounded-xl border p-3\"\u001b[39m\n        \u001b[36m>\u001b[39m\n          \u001b[36m<p\u001b[39m\n            \u001b[33mclass\u001b[39m=\u001b[32m\"text-[10px] text-gray-400 uppercase tracking-wide\"\u001b[39m\n          \u001b[36m>\u001b[39m\n            \u001b[0mExpirados\u001b[0m\n          \u001b[36m</p>\u001b[39m\n          \u001b[36m<p\u001b[39m\n            \u001b[33mclass\u001b[39m=\u001b[32m\"text-xl font-bold text-gray-500\"\u001b[39m\n          \u001b[36m>\u001b[39m\n            \u001b[0m0\u001b[0m\n          \u001b[36m</p>\u001b[39m\n        \u001b[36m</div>\u001b[39m\n        \u001b[36m<div\u001b[39m\n          \u001b[33mclass\u001b[39m=\u001b[32m\"bg-white rounded-xl border p-3\"\u001b[39m\n        \u001b[36m>\u001b[39m\n          \u001b[36m<p\u001b[39m\n            \u001b[33mclass\u001b[39m=\u001b[32m\"text-[10px] text-blue-600 uppercase tracking-wide\"\u001b[39m\n          \u001b[36m>\u001b[39m\n            \u001b[0mConversão\u001b[0m\n          \u001b[36m</p>\u001b[39m\n          \u001b[36m<p\u001b[39m\n            \u001b[33mclass\u001b[39m=\u001b[32m\"text-xl font-bold text-blue-700\"\u001b[39m\n          \u001b[36m>\u001b[39m\n            \u001b[0m0.0%\u001b[0m\n          \u001b[36m</p>\u001b[39m\n        \u001b[36m</div>\u001b[39m\n      \u001b[36m</div>\u001b[39m\n      \u001b[36m<div\u001b[39m\n        \u001b[33mclass\u001b[39m=\u001b[32m\"flex items-center gap-3 flex-wrap\"\u001b[39m\n      \u001b[36m>\u001b[39m\n        \u001b[36m<button\u001b[39m\n          \u001b[33mclass\u001b[39m=\u001b[32m\"px-3 py-1.5 rounded-full text-sm font-medium transition-colors bg-blue-600 text-white\"\u001b[39m\n        \u001b[36m>\u001b[39m\n          \u001b[0mTodos\u001b[0m\n        \u001b[36m</button>\u001b[39m\n        \u001b[36m<button\u001b[39m\n          \u001b[33mclass\u001b[39m=\u001b[32m\"px-3 py-1.5 rounded-full text-sm font-medium transition-colors bg-white border text-gray-600 hover:bg-gray-50\"\u001b[39m\n        \u001b[36m>\u001b[39m\n          \u001b[0mPendente\u001b[0m\n        \u001b[36m</button>\u001b[39m\n        \u001b[36m<button\u001b[39m\n          \u001b[33mclass\u001b[39m=\u001b[32m\"px-3 py-1.5 rounded-full text-sm font-medium transition-colors bg-white border text-gray-600 hover:bg-gray-50\"\u001b[39m\n        \u001b[36m>\u001b[39m\n          \u001b[0mExpirado\u001b[0m\n        \u001b[36m</button>\u001b[39m\n        \u001b[36m<select\u001b[39m\n          \u001b[33mclass\u001b[39m=\u001b[32m\"ml-auto border rounded-lg px-2 py-1.5 text-sm text-gray-600 focus:outline-none focus:ring-2 focus:ring-blue-500\"\u001b[39m\n        \u001b[36m>\u001b[39m\n          \u001b[36m<option\u001b[39m\n            \u001b[33mvalue\u001b[39m=\u001b[32m\"recente\"\u001b[39m\n          \u001b[36m>\u001b[39m\n            \u001b[0mMais recente\u001b[0m\n          \u001b[36m</option>\u001b[39m\n          \u001b[36m<option\u001b[39m\n            \u001b[33mvalue\u001b[39m=\u001b[32m\"antigo\"\u001b[39m\n          \u001b[36m>\u001b[39m\n            \u001b[0mMais antigo\u001b[0m\n          \u001b[36m</option>\u001b[39m\n          \u001b[36m<option\u001b[39m\n            \u001b[33mvalue\u001b[39m=\u001b[32m\"expirando\"\u001b[39m\n          \u001b[36m>\u001b[39m\n            \u001b[0mPróximo a expirar\u001b[0m\n          \u001b[36m</option>\u001b[39m\n        \u001b[36m</select>\u001b[39m\n        \u001b[36m<span\u001b[39m\n          \u001b[33mclass\u001b[39m=\u001b[32m\"text-sm text-gray-500\"\u001b[39m\n        \u001b[36m>\u001b[39m\n          \u001b[0m0\u001b[0m\n          \u001b[0m \u001b[0m\n          \u001b[0mleads\u001b[0m\n        \u001b[36m</span>\u001b[39m\n      \u001b[36m</div>\u001b[39m\n      \u001b[36m<div\u001b[39m\n        \u001b[33mclass\u001b[39m=\u001b[32m\"text-center py-16 text-gray-500\"\u001b[39m\n      \u001b[36m>\u001b[39m\n        \u001b[36m<div\u001b[39m\n          \u001b[33mclass\u001b[39m=\u001b[32m\"text-5xl mb-4\"\u001b[39m\n        \u001b[36m>\u001b[39m\n          \u001b[0m🎯\u001b[0m\n        \u001b[36m</div>\u001b[39m\n        \u001b[36m<p\u001b[39m\n          \u001b[33mclass\u001b[39m=\u001b[32m\"text-lg font-medium\"\u001b[39m\n        \u001b[36m>\u001b[39m\n          \u001b[0mNenhum lead encontrado\u001b[0m\n        \u001b[36m</p>\u001b[39m\n        \u001b[36m<p\u001b[39m\n          \u001b[33mclass\u001b[39m=\u001b[32m\"text-sm mt-1\"\u001b[39m\n        \u001b[36m>\u001b[39m\n          \u001b[0mClique em \u001b[0m\n          \u001b[36m<strong>\u001b[39m\n            \u001b[0m+ Novo Lead\u001b[0m\n          \u001b[36m</strong>\u001b[39m\n          \u001b[0m para registrar sua primeira indicação.\u001b[0m\n        \u001b[36m</p>\u001b[39m\n      \u001b[36m</div>\u001b[39m\n    \u001b[36m</div>\u001b[39m\n  \u001b[36m</div>\u001b[39m\n\u001b[36m</body>\u001b[39m\n    at waitForWrapper (C:\\apps\\QWork\\node_modules\\.pnpm\\@testing-library+dom@10.4.1\\node_modules\\@testing-library\\dom\\dist\\wait-for.js:163:27)\n    at C:\\apps\\QWork\\node_modules\\.pnpm\\@testing-library+dom@10.4.1\\node_modules\\@testing-library\\dom\\dist\\query-helpers.js:86:33\n    at findByPlaceholderText (C:\\apps\\QWork\\__tests__\\pages\\leads-page-validacao-form.test.tsx:84:16)\n    at runNextTicks (node:internal/process/task_queues:65:5)\n    at listOnTimeout (node:internal/timers:569:9)\n    at processTimers (node:internal/timers:543:7)\n    at Object.<anonymous> (C:\\apps\\QWork\\__tests__\\pages\\leads-page-validacao-form.test.tsx:148:5)"],"fullName":"Leads — máscara e validação do formulário (sem formatarCNPJ/formatarTelefone) botão \"Registrar Lead\" fica desabilitado sem CNPJ válido","invocations":1,"location":null,"numPassingAsserts":0,"retryReasons":[],"startAt":1776725188598,"status":"failed","title":"botão \"Registrar Lead\" fica desabilitado sem CNPJ válido"},{"ancestorTitles":["Leads — máscara e validação do formulário (sem formatarCNPJ/formatarTelefone)"],"duration":1030,"failing":false,"failureDetails":[{"name":"TestingLibraryElementError"}],"failureMessages":["Error: Unable to find an element with the placeholder text of: 00.000.000/0001-00\n\nIgnored nodes: comments, script, style\n\u001b[36m<body>\u001b[39m\n  \u001b[36m<div>\u001b[39m\n    \u001b[36m<div\u001b[39m\n      \u001b[33mclass\u001b[39m=\u001b[32m\"space-y-6\"\u001b[39m\n    \u001b[36m>\u001b[39m\n      \u001b[36m<div\u001b[39m\n        \u001b[33mclass\u001b[39m=\u001b[32m\"flex items-center justify-between\"\u001b[39m\n      \u001b[36m>\u001b[39m\n        \u001b[36m<h1\u001b[39m\n          \u001b[33mclass\u001b[39m=\u001b[32m\"text-xl font-bold text-gray-900\"\u001b[39m\n        \u001b[36m>\u001b[39m\n          \u001b[0mMeus Leads\u001b[0m\n        \u001b[36m</h1>\u001b[39m\n        \u001b[36m<button\u001b[39m\n          \u001b[33mclass\u001b[39m=\u001b[32m\"bg-blue-600 text-white px-4 py-2 rounded-lg text-sm font-medium hover:bg-blue-700 transition-colors disabled:opacity-50 disabled:cursor-not-allowed\"\u001b[39m\n        \u001b[36m>\u001b[39m\n          \u001b[0m+ Novo Lead\u001b[0m\n        \u001b[36m</button>\u001b[39m\n      \u001b[36m</div>\u001b[39m\n      \u001b[36m<div\u001b[39m\n        \u001b[33mclass\u001b[39m=\u001b[32m\"grid grid-cols-2 md:grid-cols-5 gap-3\"\u001b[39m\n      \u001b[36m>\u001b[39m\n        \u001b[36m<div\u001b[39m\n          \u001b[33mclass\u001b[39m=\u001b[32m\"bg-white rounded-xl border p-3\"\u001b[39m\n        \u001b[36m>\u001b[39m\n          \u001b[36m<p\u001b[39m\n            \u001b[33mclass\u001b[39m=\u001b[32m\"text-[10px] text-gray-400 uppercase tracking-wide\"\u001b[39m\n          \u001b[36m>\u001b[39m\n            \u001b[0mTotal\u001b[0m\n          \u001b[36m</p>\u001b[39m\n          \u001b[36m<p\u001b[39m\n            \u001b[33mclass\u001b[39m=\u001b[32m\"text-xl font-bold text-gray-900\"\u001b[39m\n          \u001b[36m>\u001b[39m\n            \u001b[0m0\u001b[0m\n          \u001b[36m</p>\u001b[39m\n        \u001b[36m</div>\u001b[39m\n        \u001b[36m<div\u001b[39m\n          \u001b[33mclass\u001b[39m=\u001b[32m\"bg-white rounded-xl border p-3\"\u001b[39m\n        \u001b[36m>\u001b[39m\n          \u001b[36m<p\u001b[39m\n            \u001b[33mclass\u001b[39m=\u001b[32m\"text-[10px] text-yellow-600 uppercase tracking-wide\"\u001b[39m\n          \u001b[36m>\u001b[39m\n            \u001b[0mPendentes\u001b[0m\n          \u001b[36m</p>\u001b[39m\n          \u001b[36m<p\u001b[39m\n            \u001b[33mclass\u001b[39m=\u001b[32m\"text-xl font-bold text-yellow-700\"\u001b[39m\n          \u001b[36m>\u001b[39m\n            \u001b[0m0\u001b[0m\n          \u001b[36m</p>\u001b[39m\n        \u001b[36m</div>\u001b[39m\n        \u001b[36m<div\u001b[39m\n          \u001b[33mclass\u001b[39m=\u001b[32m\"bg-white rounded-xl border p-3\"\u001b[39m\n        \u001b[36m>\u001b[39m\n          \u001b[36m<p\u001b[39m\n            \u001b[33mclass\u001b[39m=\u001b[32m\"text-[10px] text-green-600 uppercase tracking-wide\"\u001b[39m\n          \u001b[36m>\u001b[39m\n            \u001b[0mConvertidos\u001b[0m\n          \u001b[36m</p>\u001b[39m\n          \u001b[36m<p\u001b[39m\n            \u001b[33mclass\u001b[39m=\u001b[32m\"text-xl font-bold text-green-700\"\u001b[39m\n          \u001b[36m>\u001b[39m\n            \u001b[0m0\u001b[0m\n          \u001b[36m</p>\u001b[39m\n        \u001b[36m</div>\u001b[39m\n        \u001b[36m<div\u001b[39m\n          \u001b[33mclass\u001b[39m=\u001b[32m\"bg-white rounded-xl border p-3\"\u001b[39m\n        \u001b[36m>\u001b[39m\n          \u001b[36m<p\u001b[39m\n            \u001b[33mclass\u001b[39m=\u001b[32m\"text-[10px] text-gray-400 uppercase tracking-wide\"\u001b[39m\n          \u001b[36m>\u001b[39m\n            \u001b[0mExpirados\u001b[0m\n          \u001b[36m</p>\u001b[39m\n          \u001b[36m<p\u001b[39m\n            \u001b[33mclass\u001b[39m=\u001b[32m\"text-xl font-bold text-gray-500\"\u001b[39m\n          \u001b[36m>\u001b[39m\n            \u001b[0m0\u001b[0m\n          \u001b[36m</p>\u001b[39m\n        \u001b[36m</div>\u001b[39m\n        \u001b[36m<div\u001b[39m\n          \u001b[33mclass\u001b[39m=\u001b[32m\"bg-white rounded-xl border p-3\"\u001b[39m\n        \u001b[36m>\u001b[39m\n          \u001b[36m<p\u001b[39m\n            \u001b[33mclass\u001b[39m=\u001b[32m\"text-[10px] text-blue-600 uppercase tracking-wide\"\u001b[39m\n          \u001b[36m>\u001b[39m\n            \u001b[0mConversão\u001b[0m\n          \u001b[36m</p>\u001b[39m\n          \u001b[36m<p\u001b[39m\n            \u001b[33mclass\u001b[39m=\u001b[32m\"text-xl font-bold text-blue-700\"\u001b[39m\n          \u001b[36m>\u001b[39m\n            \u001b[0m0.0%\u001b[0m\n          \u001b[36m</p>\u001b[39m\n        \u001b[36m</div>\u001b[39m\n      \u001b[36m</div>\u001b[39m\n      \u001b[36m<div\u001b[39m\n        \u001b[33mclass\u001b[39m=\u001b[32m\"flex items-center gap-3 flex-wrap\"\u001b[39m\n      \u001b[36m>\u001b[39m\n        \u001b[36m<button\u001b[39m\n          \u001b[33mclass\u001b[39m=\u001b[32m\"px-3 py-1.5 rounded-full text-sm font-medium transition-colors bg-blue-600 text-white\"\u001b[39m\n        \u001b[36m>\u001b[39m\n          \u001b[0mTodos\u001b[0m\n        \u001b[36m</button>\u001b[39m\n        \u001b[36m<button\u001b[39m\n          \u001b[33mclass\u001b[39m=\u001b[32m\"px-3 py-1.5 rounded-full text-sm font-medium transition-colors bg-white border text-gray-600 hover:bg-gray-50\"\u001b[39m\n        \u001b[36m>\u001b[39m\n          \u001b[0mPendente\u001b[0m\n        \u001b[36m</button>\u001b[39m\n        \u001b[36m<button\u001b[39m\n          \u001b[33mclass\u001b[39m=\u001b[32m\"px-3 py-1.5 rounded-full text-sm font-medium transition-colors bg-white border text-gray-600 hover:bg-gray-50\"\u001b[39m\n        \u001b[36m>\u001b[39m\n          \u001b[0mExpirado\u001b[0m\n        \u001b[36m</button>\u001b[39m\n        \u001b[36m<select\u001b[39m\n          \u001b[33mclass\u001b[39m=\u001b[32m\"ml-auto border rounded-lg px-2 py-1.5 text-sm text-gray-600 focus:outline-none focus:ring-2 focus:ring-blue-500\"\u001b[39m\n        \u001b[36m>\u001b[39m\n          \u001b[36m<option\u001b[39m\n            \u001b[33mvalue\u001b[39m=\u001b[32m\"recente\"\u001b[39m\n          \u001b[36m>\u001b[39m\n            \u001b[0mMais recente\u001b[0m\n          \u001b[36m</option>\u001b[39m\n          \u001b[36m<option\u001b[39m\n            \u001b[33mvalue\u001b[39m=\u001b[32m\"antigo\"\u001b[39m\n          \u001b[36m>\u001b[39m\n            \u001b[0mMais antigo\u001b[0m\n          \u001b[36m</option>\u001b[39m\n          \u001b[36m<option\u001b[39m\n            \u001b[33mvalue\u001b[39m=\u001b[32m\"expirando\"\u001b[39m\n          \u001b[36m>\u001b[39m\n            \u001b[0mPróximo a expirar\u001b[0m\n          \u001b[36m</option>\u001b[39m\n        \u001b[36m</select>\u001b[39m\n        \u001b[36m<span\u001b[39m\n          \u001b[33mclass\u001b[39m=\u001b[32m\"text-sm text-gray-500\"\u001b[39m\n        \u001b[36m>\u001b[39m\n          \u001b[0m0\u001b[0m\n          \u001b[0m \u001b[0m\n          \u001b[0mleads\u001b[0m\n        \u001b[36m</span>\u001b[39m\n      \u001b[36m</div>\u001b[39m\n      \u001b[36m<div\u001b[39m\n        \u001b[33mclass\u001b[39m=\u001b[32m\"text-center py-16 text-gray-500\"\u001b[39m\n      \u001b[36m>\u001b[39m\n        \u001b[36m<div\u001b[39m\n          \u001b[33mclass\u001b[39m=\u001b[32m\"text-5xl mb-4\"\u001b[39m\n        \u001b[36m>\u001b[39m\n          \u001b[0m🎯\u001b[0m\n        \u001b[36m</div>\u001b[39m\n        \u001b[36m<p\u001b[39m\n          \u001b[33mclass\u001b[39m=\u001b[32m\"text-lg font-medium\"\u001b[39m\n        \u001b[36m>\u001b[39m\n          \u001b[0mNenhum lead encontrado\u001b[0m\n        \u001b[36m</p>\u001b[39m\n        \u001b[36m<p\u001b[39m\n          \u001b[33mclass\u001b[39m=\u001b[32m\"text-sm mt-1\"\u001b[39m\n        \u001b[36m>\u001b[39m\n          \u001b[0mClique em \u001b[0m\n          \u001b[36m<strong>\u001b[39m\n            \u001b[0m+ Novo Lead\u001b[0m\n          \u001b[36m</strong>\u001b[39m\n          \u001b[0m para registrar sua primeira indicação.\u001b[0m\n        \u001b[36m</p>\u001b[39m\n      \u001b[36m</div>\u001b[39m\n    \u001b[36m</div>\u001b[39m\n  \u001b[36m</div>\u001b[39m\n\u001b[36m</body>\u001b[39m\n    at waitForWrapper (C:\\apps\\QWork\\node_modules\\.pnpm\\@testing-library+dom@10.4.1\\node_modules\\@testing-library\\dom\\dist\\wait-for.js:163:27)\n    at C:\\apps\\QWork\\node_modules\\.pnpm\\@testing-library+dom@10.4.1\\node_modules\\@testing-library\\dom\\dist\\query-helpers.js:86:33\n    at findByPlaceholderText (C:\\apps\\QWork\\__tests__\\pages\\leads-page-validacao-form.test.tsx:84:16)\n    at runNextTicks (node:internal/process/task_queues:65:5)\n    at listOnTimeout (node:internal/timers:569:9)\n    at processTimers (node:internal/timers:543:7)\n    at Object.<anonymous> (C:\\apps\\QWork\\__tests__\\pages\\leads-page-validacao-form.test.tsx:156:5)"],"fullName":"Leads — máscara e validação do formulário (sem formatarCNPJ/formatarTelefone) botão \"Registrar Lead\" fica habilitado com CNPJ válido","invocations":1,"location":null,"numPassingAsserts":0,"retryReasons":[],"startAt":1776725189619,"status":"failed","title":"botão \"Registrar Lead\" fica habilitado com CNPJ válido"},{"ancestorTitles":["Leads — máscara e validação do formulário (sem formatarCNPJ/formatarTelefone)"],"duration":1033,"failing":false,"failureDetails":[{"name":"TestingLibraryElementError"}],"failureMessages":["Error: Unable to find an element with the placeholder text of: 00.000.000/0001-00\n\nIgnored nodes: comments, script, style\n\u001b[36m<body>\u001b[39m\n  \u001b[36m<div>\u001b[39m\n    \u001b[36m<div\u001b[39m\n      \u001b[33mclass\u001b[39m=\u001b[32m\"space-y-6\"\u001b[39m\n    \u001b[36m>\u001b[39m\n      \u001b[36m<div\u001b[39m\n        \u001b[33mclass\u001b[39m=\u001b[32m\"flex items-center justify-between\"\u001b[39m\n      \u001b[36m>\u001b[39m\n        \u001b[36m<h1\u001b[39m\n          \u001b[33mclass\u001b[39m=\u001b[32m\"text-xl font-bold text-gray-900\"\u001b[39m\n        \u001b[36m>\u001b[39m\n          \u001b[0mMeus Leads\u001b[0m\n        \u001b[36m</h1>\u001b[39m\n        \u001b[36m<button\u001b[39m\n          \u001b[33mclass\u001b[39m=\u001b[32m\"bg-blue-600 text-white px-4 py-2 rounded-lg text-sm font-medium hover:bg-blue-700 transition-colors disabled:opacity-50 disabled:cursor-not-allowed\"\u001b[39m\n        \u001b[36m>\u001b[39m\n          \u001b[0m+ Novo Lead\u001b[0m\n        \u001b[36m</button>\u001b[39m\n      \u001b[36m</div>\u001b[39m\n      \u001b[36m<div\u001b[39m\n        \u001b[33mclass\u001b[39m=\u001b[32m\"grid grid-cols-2 md:grid-cols-5 gap-3\"\u001b[39m\n      \u001b[36m>\u001b[39m\n        \u001b[36m<div\u001b[39m\n          \u001b[33mclass\u001b[39m=\u001b[32m\"bg-white rounded-xl border p-3\"\u001b[39m\n        \u001b[36m>\u001b[39m\n          \u001b[36m<p\u001b[39m\n            \u001b[33mclass\u001b[39m=\u001b[32m\"text-[10px] text-gray-400 uppercase tracking-wide\"\u001b[39m\n          \u001b[36m>\u001b[39m\n            \u001b[0mTotal\u001b[0m\n          \u001b[36m</p>\u001b[39m\n          \u001b[36m<p\u001b[39m\n            \u001b[33mclass\u001b[39m=\u001b[32m\"text-xl font-bold text-gray-900\"\u001b[39m\n          \u001b[36m>\u001b[39m\n            \u001b[0m0\u001b[0m\n          \u001b[36m</p>\u001b[39m\n        \u001b[36m</div>\u001b[39m\n        \u001b[36m<div\u001b[39m\n          \u001b[33mclass\u001b[39m=\u001b[32m\"bg-white rounded-xl border p-3\"\u001b[39m\n        \u001b[36m>\u001b[39m\n          \u001b[36m<p\u001b[39m\n            \u001b[33mclass\u001b[39m=\u001b[32m\"text-[10px] text-yellow-600 uppercase tracking-wide\"\u001b[39m\n          \u001b[36m>\u001b[39m\n            \u001b[0mPendentes\u001b[0m\n          \u001b[36m</p>\u001b[39m\n          \u001b[36m<p\u001b[39m\n            \u001b[33mclass\u001b[39m=\u001b[32m\"text-xl font-bold text-yellow-700\"\u001b[39m\n          \u001b[36m>\u001b[39m\n            \u001b[0m0\u001b[0m\n          \u001b[36m</p>\u001b[39m\n        \u001b[36m</div>\u001b[39m\n        \u001b[36m<div\u001b[39m\n          \u001b[33mclass\u001b[39m=\u001b[32m\"bg-white rounded-xl border p-3\"\u001b[39m\n        \u001b[36m>\u001b[39m\n          \u001b[36m<p\u001b[39m\n            \u001b[33mclass\u001b[39m=\u001b[32m\"text-[10px] text-green-600 uppercase tracking-wide\"\u001b[39m\n          \u001b[36m>\u001b[39m\n            \u001b[0mConvertidos\u001b[0m\n          \u001b[36m</p>\u001b[39m\n          \u001b[36m<p\u001b[39m\n            \u001b[33mclass\u001b[39m=\u001b[32m\"text-xl font-bold text-green-700\"\u001b[39m\n          \u001b[36m>\u001b[39m\n            \u001b[0m0\u001b[0m\n          \u001b[36m</p>\u001b[39m\n        \u001b[36m</div>\u001b[39m\n        \u001b[36m<div\u001b[39m\n          \u001b[33mclass\u001b[39m=\u001b[32m\"bg-white rounded-xl border p-3\"\u001b[39m\n        \u001b[36m>\u001b[39m\n          \u001b[36m<p\u001b[39m\n            \u001b[33mclass\u001b[39m=\u001b[32m\"text-[10px] text-gray-400 uppercase tracking-wide\"\u001b[39m\n          \u001b[36m>\u001b[39m\n            \u001b[0mExpirados\u001b[0m\n          \u001b[36m</p>\u001b[39m\n          \u001b[36m<p\u001b[39m\n            \u001b[33mclass\u001b[39m=\u001b[32m\"text-xl font-bold text-gray-500\"\u001b[39m\n          \u001b[36m>\u001b[39m\n            \u001b[0m0\u001b[0m\n          \u001b[36m</p>\u001b[39m\n        \u001b[36m</div>\u001b[39m\n        \u001b[36m<div\u001b[39m\n          \u001b[33mclass\u001b[39m=\u001b[32m\"bg-white rounded-xl border p-3\"\u001b[39m\n        \u001b[36m>\u001b[39m\n          \u001b[36m<p\u001b[39m\n            \u001b[33mclass\u001b[39m=\u001b[32m\"text-[10px] text-blue-600 uppercase tracking-wide\"\u001b[39m\n          \u001b[36m>\u001b[39m\n            \u001b[0mConversão\u001b[0m\n          \u001b[36m</p>\u001b[39m\n          \u001b[36m<p\u001b[39m\n            \u001b[33mclass\u001b[39m=\u001b[32m\"text-xl font-bold text-blue-700\"\u001b[39m\n          \u001b[36m>\u001b[39m\n            \u001b[0m0.0%\u001b[0m\n          \u001b[36m</p>\u001b[39m\n        \u001b[36m</div>\u001b[39m\n      \u001b[36m</div>\u001b[39m\n      \u001b[36m<div\u001b[39m\n        \u001b[33mclass\u001b[39m=\u001b[32m\"flex items-center gap-3 flex-wrap\"\u001b[39m\n      \u001b[36m>\u001b[39m\n        \u001b[36m<button\u001b[39m\n          \u001b[33mclass\u001b[39m=\u001b[32m\"px-3 py-1.5 rounded-full text-sm font-medium transition-colors bg-blue-600 text-white\"\u001b[39m\n        \u001b[36m>\u001b[39m\n          \u001b[0mTodos\u001b[0m\n        \u001b[36m</button>\u001b[39m\n        \u001b[36m<button\u001b[39m\n          \u001b[33mclass\u001b[39m=\u001b[32m\"px-3 py-1.5 rounded-full text-sm font-medium transition-colors bg-white border text-gray-600 hover:bg-gray-50\"\u001b[39m\n        \u001b[36m>\u001b[39m\n          \u001b[0mPendente\u001b[0m\n        \u001b[36m</button>\u001b[39m\n        \u001b[36m<button\u001b[39m\n          \u001b[33mclass\u001b[39m=\u001b[32m\"px-3 py-1.5 rounded-full text-sm font-medium transition-colors bg-white border text-gray-600 hover:bg-gray-50\"\u001b[39m\n        \u001b[36m>\u001b[39m\n          \u001b[0mExpirado\u001b[0m\n        \u001b[36m</button>\u001b[39m\n        \u001b[36m<select\u001b[39m\n          \u001b[33mclass\u001b[39m=\u001b[32m\"ml-auto border rounded-lg px-2 py-1.5 text-sm text-gray-600 focus:outline-none focus:ring-2 focus:ring-blue-500\"\u001b[39m\n        \u001b[36m>\u001b[39m\n          \u001b[36m<option\u001b[39m\n            \u001b[33mvalue\u001b[39m=\u001b[32m\"recente\"\u001b[39m\n          \u001b[36m>\u001b[39m\n            \u001b[0mMais recente\u001b[0m\n          \u001b[36m</option>\u001b[39m\n          \u001b[36m<option\u001b[39m\n            \u001b[33mvalue\u001b[39m=\u001b[32m\"antigo\"\u001b[39m\n          \u001b[36m>\u001b[39m\n            \u001b[0mMais antigo\u001b[0m\n          \u001b[36m</option>\u001b[39m\n          \u001b[36m<option\u001b[39m\n            \u001b[33mvalue\u001b[39m=\u001b[32m\"expirando\"\u001b[39m\n          \u001b[36m>\u001b[39m\n            \u001b[0mPróximo a expirar\u001b[0m\n          \u001b[36m</option>\u001b[39m\n        \u001b[36m</select>\u001b[39m\n        \u001b[36m<span\u001b[39m\n          \u001b[33mclass\u001b[39m=\u001b[32m\"text-sm text-gray-500\"\u001b[39m\n        \u001b[36m>\u001b[39m\n          \u001b[0m0\u001b[0m\n          \u001b[0m \u001b[0m\n          \u001b[0mleads\u001b[0m\n        \u001b[36m</span>\u001b[39m\n      \u001b[36m</div>\u001b[39m\n      \u001b[36m<div\u001b[39m\n        \u001b[33mclass\u001b[39m=\u001b[32m\"text-center py-16 text-gray-500\"\u001b[39m\n      \u001b[36m>\u001b[39m\n        \u001b[36m<div\u001b[39m\n          \u001b[33mclass\u001b[39m=\u001b[32m\"text-5xl mb-4\"\u001b[39m\n        \u001b[36m>\u001b[39m\n          \u001b[0m🎯\u001b[0m\n        \u001b[36m</div>\u001b[39m\n        \u001b[36m<p\u001b[39m\n          \u001b[33mclass\u001b[39m=\u001b[32m\"text-lg font-medium\"\u001b[39m\n        \u001b[36m>\u001b[39m\n          \u001b[0mNenhum lead encontrado\u001b[0m\n        \u001b[36m</p>\u001b[39m\n        \u001b[36m<p\u001b[39m\n          \u001b[33mclass\u001b[39m=\u001b[32m\"text-sm mt-1\"\u001b[39m\n        \u001b[36m>\u001b[39m\n          \u001b[0mClique em \u001b[0m\n          \u001b[36m<strong>\u001b[39m\n            \u001b[0m+ Novo Lead\u001b[0m\n          \u001b[36m</strong>\u001b[39m\n          \u001b[0m para registrar sua primeira indicação.\u001b[0m\n        \u001b[36m</p>\u001b[39m\n      \u001b[36m</div>\u001b[39m\n    \u001b[36m</div>\u001b[39m\n  \u001b[36m</div>\u001b[39m\n\u001b[36m</body>\u001b[39m\n    at waitForWrapper (C:\\apps\\QWork\\node_modules\\.pnpm\\@testing-library+dom@10.4.1\\node_modules\\@testing-library\\dom\\dist\\wait-for.js:163:27)\n    at C:\\apps\\QWork\\node_modules\\.pnpm\\@testing-library+dom@10.4.1\\node_modules\\@testing-library\\dom\\dist\\query-helpers.js:86:33\n    at findByPlaceholderText (C:\\apps\\QWork\\__tests__\\pages\\leads-page-validacao-form.test.tsx:84:16)\n    at runNextTicks (node:internal/process/task_queues:65:5)\n    at listOnTimeout (node:internal/timers:569:9)\n    at processTimers (node:internal/timers:543:7)\n    at Object.<anonymous> (C:\\apps\\QWork\\__tests__\\pages\\leads-page-validacao-form.test.tsx:171:5)"],"fullName":"Leads — máscara e validação do formulário (sem formatarCNPJ/formatarTelefone) aplica máscara de telefone celular ao digitar 11 dígitos","invocations":1,"location":null,"numPassingAsserts":0,"retryReasons":[],"startAt":1776725190650,"status":"failed","title":"aplica máscara de telefone celular ao digitar 11 dígitos"},{"ancestorTitles":["Leads — máscara e validação do formulário (sem formatarCNPJ/formatarTelefone)"],"duration":1033,"failing":false,"failureDetails":[{"name":"TestingLibraryElementError"}],"failureMessages":["Error: Unable to find an element with the placeholder text of: 00.000.000/0001-00\n\nIgnored nodes: comments, script, style\n\u001b[36m<body>\u001b[39m\n  \u001b[36m<div>\u001b[39m\n    \u001b[36m<div\u001b[39m\n      \u001b[33mclass\u001b[39m=\u001b[32m\"space-y-6\"\u001b[39m\n    \u001b[36m>\u001b[39m\n      \u001b[36m<div\u001b[39m\n        \u001b[33mclass\u001b[39m=\u001b[32m\"flex items-center justify-between\"\u001b[39m\n      \u001b[36m>\u001b[39m\n        \u001b[36m<h1\u001b[39m\n          \u001b[33mclass\u001b[39m=\u001b[32m\"text-xl font-bold text-gray-900\"\u001b[39m\n        \u001b[36m>\u001b[39m\n          \u001b[0mMeus Leads\u001b[0m\n        \u001b[36m</h1>\u001b[39m\n        \u001b[36m<button\u001b[39m\n          \u001b[33mclass\u001b[39m=\u001b[32m\"bg-blue-600 text-white px-4 py-2 rounded-lg text-sm font-medium hover:bg-blue-700 transition-colors disabled:opacity-50 disabled:cursor-not-allowed\"\u001b[39m\n        \u001b[36m>\u001b[39m\n          \u001b[0m+ Novo Lead\u001b[0m\n        \u001b[36m</button>\u001b[39m\n      \u001b[36m</div>\u001b[39m\n      \u001b[36m<div\u001b[39m\n        \u001b[33mclass\u001b[39m=\u001b[32m\"grid grid-cols-2 md:grid-cols-5 gap-3\"\u001b[39m\n      \u001b[36m>\u001b[39m\n        \u001b[36m<div\u001b[39m\n          \u001b[33mclass\u001b[39m=\u001b[32m\"bg-white rounded-xl border p-3\"\u001b[39m\n        \u001b[36m>\u001b[39m\n          \u001b[36m<p\u001b[39m\n            \u001b[33mclass\u001b[39m=\u001b[32m\"text-[10px] text-gray-400 uppercase tracking-wide\"\u001b[39m\n          \u001b[36m>\u001b[39m\n            \u001b[0mTotal\u001b[0m\n          \u001b[36m</p>\u001b[39m\n          \u001b[36m<p\u001b[39m\n            \u001b[33mclass\u001b[39m=\u001b[32m\"text-xl font-bold text-gray-900\"\u001b[39m\n          \u001b[36m>\u001b[39m\n            \u001b[0m0\u001b[0m\n          \u001b[36m</p>\u001b[39m\n        \u001b[36m</div>\u001b[39m\n        \u001b[36m<div\u001b[39m\n          \u001b[33mclass\u001b[39m=\u001b[32m\"bg-white rounded-xl border p-3\"\u001b[39m\n        \u001b[36m>\u001b[39m\n          \u001b[36m<p\u001b[39m\n            \u001b[33mclass\u001b[39m=\u001b[32m\"text-[10px] text-yellow-600 uppercase tracking-wide\"\u001b[39m\n          \u001b[36m>\u001b[39m\n            \u001b[0mPendentes\u001b[0m\n          \u001b[36m</p>\u001b[39m\n          \u001b[36m<p\u001b[39m\n            \u001b[33mclass\u001b[39m=\u001b[32m\"text-xl font-bold text-yellow-700\"\u001b[39m\n          \u001b[36m>\u001b[39m\n            \u001b[0m0\u001b[0m\n          \u001b[36m</p>\u001b[39m\n        \u001b[36m</div>\u001b[39m\n        \u001b[36m<div\u001b[39m\n          \u001b[33mclass\u001b[39m=\u001b[32m\"bg-white rounded-xl border p-3\"\u001b[39m\n        \u001b[36m>\u001b[39m\n          \u001b[36m<p\u001b[39m\n            \u001b[33mclass\u001b[39m=\u001b[32m\"text-[10px] text-green-600 uppercase tracking-wide\"\u001b[39m\n          \u001b[36m>\u001b[39m\n            \u001b[0mConvertidos\u001b[0m\n          \u001b[36m</p>\u001b[39m\n          \u001b[36m<p\u001b[39m\n            \u001b[33mclass\u001b[39m=\u001b[32m\"text-xl font-bold text-green-700\"\u001b[39m\n          \u001b[36m>\u001b[39m\n            \u001b[0m0\u001b[0m\n          \u001b[36m</p>\u001b[39m\n        \u001b[36m</div>\u001b[39m\n        \u001b[36m<div\u001b[39m\n          \u001b[33mclass\u001b[39m=\u001b[32m\"bg-white rounded-xl border p-3\"\u001b[39m\n        \u001b[36m>\u001b[39m\n          \u001b[36m<p\u001b[39m\n            \u001b[33mclass\u001b[39m=\u001b[32m\"text-[10px] text-gray-400 uppercase tracking-wide\"\u001b[39m\n          \u001b[36m>\u001b[39m\n            \u001b[0mExpirados\u001b[0m\n          \u001b[36m</p>\u001b[39m\n          \u001b[36m<p\u001b[39m\n            \u001b[33mclass\u001b[39m=\u001b[32m\"text-xl font-bold text-gray-500\"\u001b[39m\n          \u001b[36m>\u001b[39m\n            \u001b[0m0\u001b[0m\n          \u001b[36m</p>\u001b[39m\n        \u001b[36m</div>\u001b[39m\n        \u001b[36m<div\u001b[39m\n          \u001b[33mclass\u001b[39m=\u001b[32m\"bg-white rounded-xl border p-3\"\u001b[39m\n        \u001b[36m>\u001b[39m\n          \u001b[36m<p\u001b[39m\n            \u001b[33mclass\u001b[39m=\u001b[32m\"text-[10px] text-blue-600 uppercase tracking-wide\"\u001b[39m\n          \u001b[36m>\u001b[39m\n            \u001b[0mConversão\u001b[0m\n          \u001b[36m</p>\u001b[39m\n          \u001b[36m<p\u001b[39m\n            \u001b[33mclass\u001b[39m=\u001b[32m\"text-xl font-bold text-blue-700\"\u001b[39m\n          \u001b[36m>\u001b[39m\n            \u001b[0m0.0%\u001b[0m\n          \u001b[36m</p>\u001b[39m\n        \u001b[36m</div>\u001b[39m\n      \u001b[36m</div>\u001b[39m\n      \u001b[36m<div\u001b[39m\n        \u001b[33mclass\u001b[39m=\u001b[32m\"flex items-center gap-3 flex-wrap\"\u001b[39m\n      \u001b[36m>\u001b[39m\n        \u001b[36m<button\u001b[39m\n          \u001b[33mclass\u001b[39m=\u001b[32m\"px-3 py-1.5 rounded-full text-sm font-medium transition-colors bg-blue-600 text-white\"\u001b[39m\n        \u001b[36m>\u001b[39m\n          \u001b[0mTodos\u001b[0m\n        \u001b[36m</button>\u001b[39m\n        \u001b[36m<button\u001b[39m\n          \u001b[33mclass\u001b[39m=\u001b[32m\"px-3 py-1.5 rounded-full text-sm font-medium transition-colors bg-white border text-gray-600 hover:bg-gray-50\"\u001b[39m\n        \u001b[36m>\u001b[39m\n          \u001b[0mPendente\u001b[0m\n        \u001b[36m</button>\u001b[39m\n        \u001b[36m<button\u001b[39m\n          \u001b[33mclass\u001b[39m=\u001b[32m\"px-3 py-1.5 rounded-full text-sm font-medium transition-colors bg-white border text-gray-600 hover:bg-gray-50\"\u001b[39m\n        \u001b[36m>\u001b[39m\n          \u001b[0mExpirado\u001b[0m\n        \u001b[36m</button>\u001b[39m\n        \u001b[36m<select\u001b[39m\n          \u001b[33mclass\u001b[39m=\u001b[32m\"ml-auto border rounded-lg px-2 py-1.5 text-sm text-gray-600 focus:outline-none focus:ring-2 focus:ring-blue-500\"\u001b[39m\n        \u001b[36m>\u001b[39m\n          \u001b[36m<option\u001b[39m\n            \u001b[33mvalue\u001b[39m=\u001b[32m\"recente\"\u001b[39m\n          \u001b[36m>\u001b[39m\n            \u001b[0mMais recente\u001b[0m\n          \u001b[36m</option>\u001b[39m\n          \u001b[36m<option\u001b[39m\n            \u001b[33mvalue\u001b[39m=\u001b[32m\"antigo\"\u001b[39m\n          \u001b[36m>\u001b[39m\n            \u001b[0mMais antigo\u001b[0m\n          \u001b[36m</option>\u001b[39m\n          \u001b[36m<option\u001b[39m\n            \u001b[33mvalue\u001b[39m=\u001b[32m\"expirando\"\u001b[39m\n          \u001b[36m>\u001b[39m\n            \u001b[0mPróximo a expirar\u001b[0m\n          \u001b[36m</option>\u001b[39m\n        \u001b[36m</select>\u001b[39m\n        \u001b[36m<span\u001b[39m\n          \u001b[33mclass\u001b[39m=\u001b[32m\"text-sm text-gray-500\"\u001b[39m\n        \u001b[36m>\u001b[39m\n          \u001b[0m0\u001b[0m\n          \u001b[0m \u001b[0m\n          \u001b[0mleads\u001b[0m\n        \u001b[36m</span>\u001b[39m\n      \u001b[36m</div>\u001b[39m\n      \u001b[36m<div\u001b[39m\n        \u001b[33mclass\u001b[39m=\u001b[32m\"text-center py-16 text-gray-500\"\u001b[39m\n      \u001b[36m>\u001b[39m\n        \u001b[36m<div\u001b[39m\n          \u001b[33mclass\u001b[39m=\u001b[32m\"text-5xl mb-4\"\u001b[39m\n        \u001b[36m>\u001b[39m\n          \u001b[0m🎯\u001b[0m\n        \u001b[36m</div>\u001b[39m\n        \u001b[36m<p\u001b[39m\n          \u001b[33mclass\u001b[39m=\u001b[32m\"text-lg font-medium\"\u001b[39m\n        \u001b[36m>\u001b[39m\n          \u001b[0mNenhum lead encontrado\u001b[0m\n        \u001b[36m</p>\u001b[39m\n        \u001b[36m<p\u001b[39m\n          \u001b[33mclass\u001b[39m=\u001b[32m\"text-sm mt-1\"\u001b[39m\n        \u001b[36m>\u001b[39m\n          \u001b[0mClique em \u001b[0m\n          \u001b[36m<strong>\u001b[39m\n            \u001b[0m+ Novo Lead\u001b[0m\n          \u001b[36m</strong>\u001b[39m\n          \u001b[0m para registrar sua primeira indicação.\u001b[0m\n        \u001b[36m</p>\u001b[39m\n      \u001b[36m</div>\u001b[39m\n    \u001b[36m</div>\u001b[39m\n  \u001b[36m</div>\u001b[39m\n\u001b[36m</body>\u001b[39m\n    at waitForWrapper (C:\\apps\\QWork\\node_modules\\.pnpm\\@testing-library+dom@10.4.1\\node_modules\\@testing-library\\dom\\dist\\wait-for.js:163:27)\n    at C:\\apps\\QWork\\node_modules\\.pnpm\\@testing-library+dom@10.4.1\\node_modules\\@testing-library\\dom\\dist\\query-helpers.js:86:33\n    at findByPlaceholderText (C:\\apps\\QWork\\__tests__\\pages\\leads-page-validacao-form.test.tsx:84:16)\n    at runNextTicks (node:internal/process/task_queues:65:5)\n    at listOnTimeout (node:internal/timers:569:9)\n    at processTimers (node:internal/timers:543:7)\n    at Object.<anonymous> (C:\\apps\\QWork\\__tests__\\pages\\leads-page-validacao-form.test.tsx:181:5)"],"fullName":"Leads — máscara e validação do formulário (sem formatarCNPJ/formatarTelefone) exibe \"Telefone inválido\" para número incompleto","invocations":1,"location":null,"numPassingAsserts":0,"retryReasons":[],"startAt":1776725191683,"status":"failed","title":"exibe \"Telefone inválido\" para número incompleto"},{"ancestorTitles":["Leads — máscara e validação do formulário (sem formatarCNPJ/formatarTelefone)"],"duration":1033,"failing":false,"failureDetails":[{"name":"TestingLibraryElementError"}],"failureMessages":["Error: Unable to find an element with the placeholder text of: 00.000.000/0001-00\n\nIgnored nodes: comments, script, style\n\u001b[36m<body>\u001b[39m\n  \u001b[36m<div>\u001b[39m\n    \u001b[36m<div\u001b[39m\n      \u001b[33mclass\u001b[39m=\u001b[32m\"space-y-6\"\u001b[39m\n    \u001b[36m>\u001b[39m\n      \u001b[36m<div\u001b[39m\n        \u001b[33mclass\u001b[39m=\u001b[32m\"flex items-center justify-between\"\u001b[39m\n      \u001b[36m>\u001b[39m\n        \u001b[36m<h1\u001b[39m\n          \u001b[33mclass\u001b[39m=\u001b[32m\"text-xl font-bold text-gray-900\"\u001b[39m\n        \u001b[36m>\u001b[39m\n          \u001b[0mMeus Leads\u001b[0m\n        \u001b[36m</h1>\u001b[39m\n        \u001b[36m<button\u001b[39m\n          \u001b[33mclass\u001b[39m=\u001b[32m\"bg-blue-600 text-white px-4 py-2 rounded-lg text-sm font-medium hover:bg-blue-700 transition-colors disabled:opacity-50 disabled:cursor-not-allowed\"\u001b[39m\n        \u001b[36m>\u001b[39m\n          \u001b[0m+ Novo Lead\u001b[0m\n        \u001b[36m</button>\u001b[39m\n      \u001b[36m</div>\u001b[39m\n      \u001b[36m<div\u001b[39m\n        \u001b[33mclass\u001b[39m=\u001b[32m\"grid grid-cols-2 md:grid-cols-5 gap-3\"\u001b[39m\n      \u001b[36m>\u001b[39m\n        \u001b[36m<div\u001b[39m\n          \u001b[33mclass\u001b[39m=\u001b[32m\"bg-white rounded-xl border p-3\"\u001b[39m\n        \u001b[36m>\u001b[39m\n          \u001b[36m<p\u001b[39m\n            \u001b[33mclass\u001b[39m=\u001b[32m\"text-[10px] text-gray-400 uppercase tracking-wide\"\u001b[39m\n          \u001b[36m>\u001b[39m\n            \u001b[0mTotal\u001b[0m\n          \u001b[36m</p>\u001b[39m\n          \u001b[36m<p\u001b[39m\n            \u001b[33mclass\u001b[39m=\u001b[32m\"text-xl font-bold text-gray-900\"\u001b[39m\n          \u001b[36m>\u001b[39m\n            \u001b[0m0\u001b[0m\n          \u001b[36m</p>\u001b[39m\n        \u001b[36m</div>\u001b[39m\n        \u001b[36m<div\u001b[39m\n          \u001b[33mclass\u001b[39m=\u001b[32m\"bg-whit
[...]
                \u001b[0m0\u001b[0m\n              \u001b[36m</p>\u001b[39m\n            \u001b[36m</div>\u001b[39m\n            \u001b[36m<div\u001b[39m\n              \u001b[33mclass\u001b[39m=\u001b[32m\"bg-white rounded-xl border p-3\"\u001b[39m\n            \u001b[36m>\u001b[39m\n              \u001b[36m<p\u001b[39m\n                \u001b[33mclass\u001b[39m=\u001b[32m\"text-[10px] text-yellow-600 uppercase tracking-wide\"\u001b[39m\n              \u001b[36m>\u001b[39m\n                \u001b[0mPendentes\u001b[0m\n              \u001b[36m</p>\u001b[39m\n              \u001b[36m<p\u001b[39m\n                \u001b[33mclass\u001b[39m=\u001b[32m\"text-xl font-bold text-yellow-700\"\u001b[39m\n              \u001b[36m>\u001b[39m\n                \u001b[0m0\u001b[0m\n              \u001b[36m</p>\u001b[39m\n            \u001b[36m</div>\u001b[39m\n            \u001b[36m<div\u001b[39m\n              \u001b[33mclass\u001b[39m=\u001b[32m\"bg-white rounded-xl border p-3\"\u001b[39m\n            \u001b[36m>\u001b[39m\n              \u001b[36m<p\u001b[39m\n                \u001b[33mclass\u001b[39m=\u001b[32m\"text-[10px] text-green-600 uppercase tracking-wide\"\u001b[39m\n              \u001b[36m>\u001b[39m\n                \u001b[0mConvertidos\u001b[0m\n              \u001b[36m</p>\u001b[39m\n              \u001b[36m<p\u001b[39m\n                \u001b[33mclass\u001b[39m=\u001b[32m\"text-xl font-bold text-green-700\"\u001b[39m\n              \u001b[36m>\u001b[39m\n                \u001b[0m0\u001b[0m\n              \u001b[36m</p>\u001b[39m\n            \u001b[36m</div>\u001b[39m\n            \u001b[36m<div\u001b[39m\n              \u001b[33mclass\u001b[39m=\u001b[32m\"bg-white rounded-xl border p-3\"\u001b[39m\n            \u001b[36m>\u001b[39m\n              \u001b[36m<p\u001b[39m\n                \u001b[33mclass\u001b[39m=\u001b[32m\"text-[10px] text-gray-400 uppercase tracking-wide\"\u001b[39m\n              \u001b[36m>\u001b[39m\n                \u001b[0mExpirados\u001b[0m\n              \u001b[36m</p>\u001b[39m\n              \u001b[36m<p\u001b[39m\n                \u001b[33mclass\u001b[39m=\u001b[32m\"text-xl font-bold text-gray-500\"\u001b[39m\n              \u001b[36m>\u001b[39m\n                \u001b[0m0\u001b[0m\n              \u001b[36m</p>\u001b[39m\n            \u001b[36m</div>\u001b[39m\n            \u001b[36m<div\u001b[39m\n              \u001b[33mclass\u001b[39m=\u001b[32m\"bg-white rounded-xl border p-3\"\u001b[39m\n            \u001b[36m>\u001b[39m\n              \u001b[36m<p\u001b[39m\n                \u001b[33mclass\u001b[39m=\u001b[32m\"text-[10px] text-blue-600 uppercase tracking-wide\"\u001b[39m\n              \u001b[36m>\u001b[39m\n                \u001b[0mConversão\u001b[0m\n              \u001b[36m</p>\u001b[39m\n              \u001b[36m<p\u001b[39m\n                \u001b[33mclass\u001b[39m=\u001b[32m\"text-xl font-bold text-blue-700\"\u001b[39m\n              \u001b[36m>\u001b[39m\n                \u001b[0m0.0%\u001b[0m\n              \u001b[36m</p>\u001b[39m\n            \u001b[36m</div>\u001b[39m\n          \u001b[36m</div>\u001b[39m\n          \u001b[36m<div\u001b[39m\n            \u001b[33mclass\u001b[39m=\u001b[32m\"flex items-center gap-3 flex-wrap\"\u001b[39m\n          \u001b[36m>\u001b[39m\n            \u001b[36m<button\u001b[39m\n              \u001b[33mclass\u001b[39m=\u001b[32m\"px-3 py-1.5 rounded-full text-sm font-medium transition-colors bg-blue-600 text-white\"\u001b[39m\n            \u001b[36m>\u001b[39m\n              \u001b[0mTodos\u001b[0m\n            \u001b[36m</button>\u001b[39m\n            \u001b[36m<button\u001b[39m\n              \u001b[33mclass\u001b[39m=\u001b[32m\"px-3 py-1.5 rounded-full text-sm font-medium transition-colors bg-white border text-gray-600 hover:bg-gray-50\"\u001b[39m\n            \u001b[36m>\u001b[39m\n              \u001b[0mPendente\u001b[0m\n            \u001b[36m</button>\u001b[39m\n            \u001b[36m<button\u001b[39m\n              \u001b[33mclass\u001b[39m=\u001b[32m\"px-3 py-1.5 rounded-full text-sm font-medium transition-colors bg-white border text-gray-600 hover:bg-gray-50\"\u001b[39m\n            \u001b[36m>\u001b[39m\n              \u001b[0mExpirado\u001b[0m\n            \u001b[36m</button>\u001b[39m\n            \u001b[36m<select\u001b[39m\n              \u001b[33mclass\u001b[39m=\u001b[32m\"ml-auto border rounded-lg px-2 py-1.5 text-sm text-gray-600 focus:outline-none focus:ring-2 focus:ring-blue-500\"\u001b[39m\n            \u001b[36m>\u001b[39m\n              \u001b[36m<option\u001b[39m\n                \u001b[33mvalue\u001b[39m=\u001b[32m\"recente\"\u001b[39m\n              \u001b[36m>\u001b[39m\n                \u001b[0mMais recente\u001b[0m\n              \u001b[36m</option>\u001b[39m\n              \u001b[36m<option\u001b[39m\n                \u001b[33mvalue\u001b[39m=\u001b[32m\"antigo\"\u001b[39m\n              \u001b[36m>\u001b[39m\n                \u001b[0mMais antigo\u001b[0m\n              \u001b[36m</option>\u001b[39m\n              \u001b[36m<option\u001b[39m\n                \u001b[33mvalue\u001b[39m=\u001b[32m\"expirando\"\u001b[39m\n              \u001b[36m>\u001b[39m\n                \u001b[0mPróximo a expirar\u001b[0m\n              \u001b[36m</option>\u001b[39m\n            \u001b[36m</select>\u001b[39m\n            \u001b[36m<span\u001b[39m\n              \u001b[33mclass\u001b[39m=\u001b[32m\"text-sm text-gray-500\"\u001b[39m\n            \u001b[36m>\u001b[39m\n              \u001b[0m0\u001b[0m\n              \u001b[0m \u001b[0m\n              \u001b[0mleads\u001b[0m\n            \u001b[36m</span>\u001b[39m\n          \u001b[36m</div>\u001b[39m\n          \u001b[36m<div\u001b[39m\n            \u001b[33mclass\u001b[39m=\u001b[32m\"text-center py-16 text-gray-500\"\u001b[39m\n          \u001b[36m>\u001b[39m\n            \u001b[36m<div\u001b[39m\n              \u001b[33mclass\u001b[39m=\u001b[32m\"text-5xl mb-4\"\u001b[39m\n            \u001b[36m>\u001b[39m\n              \u001b[0m🎯\u001b[0m\n            \u001b[36m</div>\u001b[39m\n            \u001b[36m<p\u001b[39m\n              \u001b[33mclass\u001b[39m=\u001b[32m\"text-lg font-medium\"\u001b[39m\n            \u001b[36m>\u001b[39m\n              \u001b[0mNenhum lead encontrado\u001b[0m\n            \u001b[36m</p>\u001b[39m\n            \u001b[36m<p\u001b[39m\n              \u001b[33mclass\u001b[39m=\u001b[32m\"text-sm mt-1\"\u001b[39m\n            \u001b[36m>\u001b[39m\n              \u001b[0mClique em \u001b[0m\n              \u001b[36m<strong>\u001b[39m\n                \u001b[0m+ Novo Lead\u001b[0m\n              \u001b[36m</strong>\u001b[39m\n              \u001b[0m para registrar sua primeira indicação.\u001b[0m\n            \u001b[36m</p>\u001b[39m\n          \u001b[36m</div>\u001b[39m\n        \u001b[36m</div>\u001b[39m\n      \u001b[36m</div>\u001b[39m\n    \u001b[36m</body>\u001b[39m\n\u001b[2m\u001b[22m\n\u001b[2m    \u001b[0m \u001b[90m 82 |\u001b[39m   \u001b[36mconst\u001b[39m btn \u001b[33m=\u001b[39m \u001b[36mawait\u001b[39m screen\u001b[33m.\u001b[39mfindByRole(\u001b[32m'button'\u001b[39m\u001b[33m,\u001b[39m { name\u001b[33m:\u001b[39m \u001b[35m/\\+ Novo Lead/i\u001b[39m })\u001b[33m;\u001b[39m\u001b[22m\n\u001b[2m     \u001b[90m 83 |\u001b[39m   fireEvent\u001b[33m.\u001b[39mclick(btn)\u001b[33m;\u001b[39m\u001b[22m\n\u001b[2m    \u001b[31m\u001b[1m>\u001b[22m\u001b[2m\u001b[39m\u001b[90m 84 |\u001b[39m   \u001b[36mawait\u001b[39m screen\u001b[33m.\u001b[39mfindByPlaceholderText(\u001b[32m'00.000.000/0001-00'\u001b[39m)\u001b[33m;\u001b[39m\u001b[22m\n\u001b[2m     \u001b[90m    |\u001b[39m                \u001b[31m\u001b[1m^\u001b[22m\u001b[2m\u001b[39m\u001b[22m\n\u001b[2m     \u001b[90m 85 |\u001b[39m }\u001b[22m\n\u001b[2m     \u001b[90m 86 |\u001b[39m\u001b[22m\n\u001b[2m     \u001b[90m 87 |\u001b[39m describe(\u001b[32m'Leads — máscara e validação do formulário (sem formatarCNPJ/formatarTelefone)'\u001b[39m\u001b[33m,\u001b[39m () \u001b[33m=>\u001b[39m {\u001b[0m\u001b[22m\n\u001b[2m\u001b[22m\n\u001b[2m      \u001b[2mat waitForWrapper (\u001b[22m\u001b[2mnode_modules/.pnpm/@testing-library+dom@10.4.1/node_modules/@testing-library/dom/dist/wait-for.js\u001b[2m:163:27)\u001b[22m\u001b[2m\u001b[22m\n\u001b[2m      \u001b[2mat \u001b[22m\u001b[2mnode_modules/.pnpm/@testing-library+dom@10.4.1/node_modules/@testing-library/dom/dist/query-helpers.js\u001b[2m:86:33\u001b[22m\u001b[2m\u001b[22m\n\u001b[2m      \u001b[2mat findByPlaceholderText (\u001b[22m\u001b[2m\u001b[0m\u001b[36m__tests__/pages/leads-page-validacao-form.test.tsx\u001b[39m\u001b[0m\u001b[2m:84:16)\u001b[22m\u001b[2m\u001b[22m\n\u001b[2m      \u001b[2mat Object.<anonymous> (\u001b[22m\u001b[2m\u001b[0m\u001b[36m__tests__/pages/leads-page-validacao-form.test.tsx\u001b[39m\u001b[0m\u001b[2m:220:5)\u001b[22m\u001b[2m\u001b[22m\n\n\u001b[1m\u001b[31m  \u001b[1m● \u001b[22m\u001b[1mLeads — máscara e validação do formulário (sem formatarCNPJ/formatarTelefone) › botão fica desabilitado com e-mail inválido mesmo com CNPJ válido\u001b[39m\u001b[22m\n\n    Unable to find an element with the placeholder text of: 00.000.000/0001-00\n\n    Ignored nodes: comments, script, style\n    \u001b[36m<body>\u001b[39m\n      \u001b[36m<div>\u001b[39m\n        \u001b[36m<div\u001b[39m\n          \u001b[33mclass\u001b[39m=\u001b[32m\"space-y-6\"\u001b[39m\n        \u001b[36m>\u001b[39m\n          \u001b[36m<div\u001b[39m\n            \u001b[33mclass\u001b[39m=\u001b[32m\"flex items-center justify-between\"\u001b[39m\n          \u001b[36m>\u001b[39m\n            \u001b[36m<h1\u001b[39m\n              \u001b[33mclass\u001b[39m=\u001b[32m\"text-xl font-bold text-gray-900\"\u001b[39m\n            \u001b[36m>\u001b[39m\n              \u001b[0mMeus Leads\u001b[0m\n            \u001b[36m</h1>\u001b[39m\n            \u001b[36m<button\u001b[39m\n              \u001b[33mclass\u001b[39m=\u001b[32m\"bg-blue-600 text-white px-4 py-2 rounded-lg text-sm font-medium hover:bg-blue-700 transition-colors disabled:opacity-50 disabled:cursor-not-allowed\"\u001b[39m\n            \u001b[36m>\u001b[39m\n              \u001b[0m+ Novo Lead\u001b[0m\n            \u001b[36m</button>\u001b[39m\n          \u001b[36m</div>\u001b[39m\n          \u001b[36m<div\u001b[39m\n            \u001b[33mclass\u001b[39m=\u001b[32m\"grid grid-cols-2 md:grid-cols-5 gap-3\"\u001b[39m\n          \u001b[36m>\u001b[39m\n            \u001b[36m<div\u001b[39m\n              \u001b[33mclass\u001b[39m=\u001b[32m\"bg-white rounded-xl border p-3\"\u001b[39m\n            \u001b[36m>\u001b[39m\n              \u001b[36m<p\u001b[39m\n                \u001b[33mclass\u001b[39m=\u001b[32m\"text-[10px] text-gray-400 uppercase tracking-wide\"\u001b[39m\n              \u001b[36m>\u001b[39m\n                \u001b[0mTotal\u001b[0m\n              \u001b[36m</p>\u001b[39m\n              \u001b[36m<p\u001b[39m\n                \u001b[33mclass\u001b[39m=\u001b[32m\"text-xl font-bold text-gray-900\"\u001b[39m\n              \u001b[36m>\u001b[39m\n                \u001b[0m0\u001b[0m\n              \u001b[36m</p>\u001b[39m\n            \u001b[36m</div>\u001b[39m\n            \u001b[36m<div\u001b[39m\n              \u001b[33mclass\u001b[39m=\u001b[32m\"bg-white rounded-xl border p-3\"\u001b[39m\n            \u001b[36m>\u001b[39m\n              \u001b[36m<p\u001b[39m\n                \u001b[33mclass\u001b[39m=\u001b[32m\"text-[10px] text-yellow-600 uppercase tracking-wide\"\u001b[39m\n              \u001b[36m>\u001b[39m\n                \u001b[0mPendentes\u001b[0m\n              \u001b[36m</p>\u001b[39m\n              \u001b[36m<p\u001b[39m\n                \u001b[33mclass\u001b[39m=\u001b[32m\"text-xl font-bold text-yellow-700\"\u001b[39m\n              \u001b[36m>\u001b[39m\n                \u001b[0m0\u001b[0m\n              \u001b[36m</p>\u001b[39m\n            \u001b[36m</div>\u001b[39m\n            \u001b[36m<div\u001b[39m\n              \u001b[33mclass\u001b[39m=\u001b[32m\"bg-white rounded-xl border p-3\"\u001b[39m\n            \u001b[36m>\u001b[39m\n              \u001b[36m<p\u001b[39m\n                \u001b[33mclass\u001b[39m=\u001b[32m\"text-[10px] text-green-600 uppercase tracking-wide\"\u001b[39m\n              \u001b[36m>\u001b[39m\n                \u001b[0mConvertidos\u001b[0m\n              \u001b[36m</p>\u001b[39m\n              \u001b[36m<p\u001b[39m\n                \u001b[33mclass\u001b[39m=\u001b[32m\"text-xl font-bold text-green-700\"\u001b[39m\n              \u001b[36m>\u001b[39m\n                \u001b[0m0\u001b[0m\n              \u001b[36m</p>\u001b[39m\n            \u001b[36m</div>\u001b[39m\n            \u001b[36m<div\u001b[39m\n              \u001b[33mclass\u001b[39m=\u001b[32m\"bg-white rounded-xl border p-3\"\u001b[39m\n            \u001b[36m>\u001b[39m\n              \u001b[36m<p\u001b[39m\n                \u001b[33mclass\u001b[39m=\u001b[32m\"text-[10px] text-gray-400 uppercase tracking-wide\"\u001b[39m\n              \u001b[36m>\u001b[39m\n                \u001b[0mExpirados\u001b[0m\n              \u001b[36m</p>\u001b[39m\n              \u001b[36m<p\u001b[39m\n                \u001b[33mclass\u001b[39m=\u001b[32m\"text-xl font-bold text-gray-500\"\u001b[39m\n              \u001b[36m>\u001b[39m\n                \u001b[0m0\u001b[0m\n              \u001b[36m</p>\u001b[39m\n            \u001b[36m</div>\u001b[39m\n            \u001b[36m<div\u001b[39m\n              \u001b[33mclass\u001b[39m=\u001b[32m\"bg-white rounded-xl border p-3\"\u001b[39m\n            \u001b[36m>\u001b[39m\n              \u001b[36m<p\u001b[39m\n                \u001b[33mclass\u001b[39m=\u001b[32m\"text-[10px] text-blue-600 uppercase tracking-wide\"\u001b[39m\n              \u001b[36m>\u001b[39m\n                \u001b[0mConversão\u001b[0m\n              \u001b[36m</p>\u001b[39m\n              \u001b[36m<p\u001b[39m\n                \u001b[33mclass\u001b[39m=\u001b[32m\"text-xl font-bold text-blue-700\"\u001b[39m\n              \u001b[36m>\u001b[39m\n                \u001b[0m0.0%\u001b[0m\n              \u001b[36m</p>\u001b[39m\n            \u001b[36m</div>\u001b[39m\n          \u001b[36m</div>\u001b[39m\n          \u001b[36m<div\u001b[39m\n            \u001b[33mclass\u001b[39m=\u001b[32m\"flex items-center gap-3 flex-wrap\"\u001b[39m\n          \u001b[36m>\u001b[39m\n            \u001b[36m<button\u001b[39m\n              \u001b[33mclass\u001b[39m=\u001b[32m\"px-3 py-1.5 rounded-full text-sm font-medium transition-colors bg-blue-600 text-white\"\u001b[39m\n            \u001b[36m>\u001b[39m\n              \u001b[0mTodos\u001b[0m\n            \u001b[36m</button>\u001b[39m\n            \u001b[36m<button\u001b[39m\n              \u001b[33mclass\u001b[39m=\u001b[32m\"px-3 py-1.5 rounded-full text-sm font-medium transition-colors bg-white border text-gray-600 hover:bg-gray-50\"\u001b[39m\n            \u001b[36m>\u001b[39m\n              \u001b[0mPendente\u001b[0m\n            \u001b[36m</button>\u001b[39m\n            \u001b[36m<button\u001b[39m\n              \u001b[33mclass\u001b[39m=\u001b[32m\"px-3 py-1.5 rounded-full text-sm font-medium transition-colors bg-white border text-gray-600 hover:bg-gray-50\"\u001b[39m\n            \u001b[36m>\u001b[39m\n              \u001b[0mExpirado\u001b[0m\n            \u001b[36m</button>\u001b[39m\n            \u001b[36m<select\u001b[39m\n              \u001b[33mclass\u001b[39m=\u001b[32m\"ml-auto border rounded-lg px-2 py-1.5 text-sm text-gray-600 focus:outline-none focus:ring-2 focus:ring-blue-500\"\u001b[39m\n            \u001b[36m>\u001b[39m\n              \u001b[36m<option\u001b[39m\n                \u001b[33mvalue\u001b[39m=\u001b[32m\"recente\"\u001b[39m\n              \u001b[36m>\u001b[39m\n                \u001b[0mMais recente\u001b[0m\n              \u001b[36m</option>\u001b[39m\n              \u001b[36m<option\u001b[39m\n                \u001b[33mvalue\u001b[39m=\u001b[32m\"antigo\"\u001b[39m\n              \u001b[36m>\u001b[39m\n                \u001b[0mMais antigo\u001b[0m\n              \u001b[36m</option>\u001b[39m\n              \u001b[36m<option\u001b[39m\n                \u001b[33mvalue\u001b[39m=\u001b[32m\"expirando\"\u001b[39m\n              \u001b[36m>\u001b[39m\n                \u001b[0mPróximo a expirar\u001b[0m\n              \u001b[36m</option>\u001b[39m\n            \u001b[36m</select>\u001b[39m\n            \u001b[36m<span\u001b[39m\n              \u001b[33mclass\u001b[39m=\u001b[32m\"text-sm text-gray-500\"\u001b[39m\n            \u001b[36m>\u001b[39m\n              \u001b[0m0\u001b[0m\n              \u001b[0m \u001b[0m\n              \u001b[0mleads\u001b[0m\n            \u001b[36m</span>\u001b[39m\n          \u001b[36m</div>\u001b[39m\n          \u001b[36m<div\u001b[39m\n            \u001b[33mclass\u001b[39m=\u001b[32m\"text-center py-16 text-gray-500\"\u001b[39m\n          \u001b[36m>\u001b[39m\n            \u001b[36m<div\u001b[39m\n              \u001b[33mclass\u001b[39m=\u001b[32m\"text-5xl mb-4\"\u001b[39m\n            \u001b[36m>\u001b[39m\n              \u001b[0m🎯\u001b[0m\n            \u001b[36m</div>\u001b[39m\n            \u001b[36m<p\u001b[39m\n              \u001b[33mclass\u001b[39m=\u001b[32m\"text-lg font-medium\"\u001b[39m\n            \u001b[36m>\u001b[39m\n              \u001b[0mNenhum lead encontrado\u001b[0m\n            \u001b[36m</p>\u001b[39m\n            \u001b[36m<p\u001b[39m\n              \u001b[33mclass\u001b[39m=\u001b[32m\"text-sm mt-1\"\u001b[39m\n            \u001b[36m>\u001b[39m\n              \u001b[0mClique em \u001b[0m\n              \u001b[36m<strong>\u001b[39m\n                \u001b[0m+ Novo Lead\u001b[0m\n              \u001b[36m</strong>\u001b[39m\n              \u001b[0m para registrar sua primeira indicação.\u001b[0m\n            \u001b[36m</p>\u001b[39m\n          \u001b[36m</div>\u001b[39m\n        \u001b[36m</div>\u001b[39m\n      \u001b[36m</div>\u001b[39m\n    \u001b[36m</body>\u001b[39m\n\u001b[2m\u001b[22m\n\u001b[2m    \u001b[0m \u001b[90m 82 |\u001b[39m   \u001b[36mconst\u001b[39m btn \u001b[33m=\u001b[39m \u001b[36mawait\u001b[39m screen\u001b[33m.\u001b[39mfindByRole(\u001b[32m'button'\u001b[39m\u001b[33m,\u001b[39m { name\u001b[33m:\u001b[39m \u001b[35m/\\+ Novo Lead/i\u001b[39m })\u001b[33m;\u001b[39m\u001b[22m\n\u001b[2m     \u001b[90m 83 |\u001b[39m   fireEvent\u001b[33m.\u001b[39mclick(btn)\u001b[33m;\u001b[39m\u001b[22m\n\u001b[2m    \u001b[31m\u001b[1m>\u001b[22m\u001b[2m\u001b[39m\u001b[90m 84 |\u001b[39m   \u001b[36mawait\u001b[39m screen\u001b[33m.\u001b[39mfindByPlaceholderText(\u001b[32m'00.000.000/0001-00'\u001b[39m)\u001b[33m;\u001b[39m\u001b[22m\n\u001b[2m     \u001b[90m    |\u001b[39m                \u001b[31m\u001b[1m^\u001b[22m\u001b[2m\u001b[39m\u001b[22m\n\u001b[2m     \u001b[90m 85 |\u001b[39m }\u001b[22m\n\u001b[2m     \u001b[90m 86 |\u001b[39m\u001b[22m\n\u001b[2m     \u001b[90m 87 |\u001b[39m describe(\u001b[32m'Leads — máscara e validação do formulário (sem formatarCNPJ/formatarTelefone)'\u001b[39m\u001b[33m,\u001b[39m () \u001b[33m=>\u001b[39m {\u001b[0m\u001b[22m\n\u001b[2m\u001b[22m\n\u001b[2m      \u001b[2mat waitForWrapper (\u001b[22m\u001b[2mnode_modules/.pnpm/@testing-library+dom@10.4.1/node_modules/@testing-library/dom/dist/wait-for.js\u001b[2m:163:27)\u001b[22m\u001b[2m\u001b[22m\n\u001b[2m      \u001b[2mat \u001b[22m\u001b[2mnode_modules/.pnpm/@testing-library+dom@10.4.1/node_modules/@testing-library/dom/dist/query-helpers.js\u001b[2m:86:33\u001b[22m\u001b[2m\u001b[22m\n\u001b[2m      \u001b[2mat findByPlaceholderText (\u001b[22m\u001b[2m\u001b[0m\u001b[36m__tests__/pages/leads-page-validacao-form.test.tsx\u001b[39m\u001b[0m\u001b[2m:84:16)\u001b[22m\u001b[2m\u001b[22m\n\u001b[2m      \u001b[2mat Object.<anonymous> (\u001b[22m\u001b[2m\u001b[0m\u001b[36m__tests__/pages/leads-page-validacao-form.test.tsx\u001b[39m\u001b[0m\u001b[2m:232:5)\u001b[22m\u001b[2m\u001b[22m\n","name":"C:\\apps\\QWork\\__tests__\\pages\\leads-page-validacao-form.test.tsx","startTime":1776725182400,"status":"failed","summary":""}],"wasInterrupted":false}
